<?xml version="1.0" encoding="UTF-8"?>
<coverage generated="1507817687">
    <project timestamp="1507817687">
        <package name="NewInventor\PropertyBag\Command">
            <file name="/home/george/www/property-bag/src/Command/GenerateBagCommand.php">
                <class name="GenerateBagCommand" namespace="NewInventor\PropertyBag\Command">
                    <metrics complexity="68" methods="29" coveredmethods="0" conditionals="0" coveredconditionals="0"
                             statements="324" coveredstatements="0" elements="353" coveredelements="0"/>
                </class>
                <line num="35" type="method" name="__construct" visibility="public" complexity="1" crap="2" count="0"/>
                <line num="36" type="stmt" count="0"/>
                <line num="37" type="stmt" count="0"/>
                <line num="38" type="stmt" count="0"/>
                <line num="39" type="stmt" count="0"/>
                <line num="40" type="stmt" count="0"/>
                <line num="42" type="method" name="configure" visibility="protected" complexity="1" crap="2" count="0"/>
                <line num="43" type="stmt" count="0"/>
                <line num="44" type="stmt" count="0"/>
                <line num="45" type="stmt" count="0"/>
                <line num="46" type="stmt" count="0"/>
                <line num="47" type="stmt" count="0"/>
                <line num="48" type="stmt" count="0"/>
                <line num="49" type="stmt" count="0"/>
                <line num="50" type="stmt" count="0"/>
                <line num="51" type="stmt" count="0"/>
                <line num="52" type="stmt" count="0"/>
                <line num="53" type="stmt" count="0"/>
                <line num="54" type="stmt" count="0"/>
                <line num="55" type="stmt" count="0"/>
                <line num="56" type="stmt" count="0"/>
                <line num="70" type="method" name="execute" visibility="public" complexity="4" crap="20" count="0"/>
                <line num="71" type="stmt" count="0"/>
                <line num="72" type="stmt" count="0"/>
                <line num="73" type="stmt" count="0"/>
                <line num="74" type="stmt" count="0"/>
                <line num="75" type="stmt" count="0"/>
                <line num="76" type="stmt" count="0"/>
                <line num="77" type="stmt" count="0"/>
                <line num="78" type="stmt" count="0"/>
                <line num="79" type="stmt" count="0"/>
                <line num="80" type="stmt" count="0"/>
                <line num="81" type="stmt" count="0"/>
                <line num="82" type="stmt" count="0"/>
                <line num="83" type="stmt" count="0"/>
                <line num="85" type="stmt" count="0"/>
                <line num="86" type="stmt" count="0"/>
                <line num="87" type="stmt" count="0"/>
                <line num="88" type="stmt" count="0"/>
                <line num="89" type="stmt" count="0"/>
                <line num="90" type="stmt" count="0"/>
                <line num="91" type="stmt" count="0"/>
                <line num="93" type="method" name="getClassName" visibility="protected" complexity="1" crap="2"
                      count="0"/>
                <line num="94" type="stmt" count="0"/>
                <line num="95" type="stmt" count="0"/>
                <line num="96" type="stmt" count="0"/>
                <line num="97" type="stmt" count="0"/>
                <line num="98" type="stmt" count="0"/>
                <line num="99" type="stmt" count="0"/>
                <line num="100" type="stmt" count="0"/>
                <line num="101" type="stmt" count="0"/>
                <line num="102" type="stmt" count="0"/>
                <line num="103" type="stmt" count="0"/>
                <line num="104" type="stmt" count="0"/>
                <line num="105" type="stmt" count="0"/>
                <line num="107" type="method" name="getFilesInDir" visibility="protected" complexity="7" crap="56"
                      count="0"/>
                <line num="108" type="stmt" count="0"/>
                <line num="109" type="stmt" count="0"/>
                <line num="110" type="stmt" count="0"/>
                <line num="111" type="stmt" count="0"/>
                <line num="112" type="stmt" count="0"/>
                <line num="113" type="stmt" count="0"/>
                <line num="114" type="stmt" count="0"/>
                <line num="115" type="stmt" count="0"/>
                <line num="116" type="stmt" count="0"/>
                <line num="117" type="stmt" count="0"/>
                <line num="118" type="stmt" count="0"/>
                <line num="119" type="stmt" count="0"/>
                <line num="120" type="stmt" count="0"/>
                <line num="122" type="stmt" count="0"/>
                <line num="123" type="stmt" count="0"/>
                <line num="125" type="method" name="generateFile" visibility="protected" complexity="4" crap="20"
                      count="0"/>
                <line num="126" type="stmt" count="0"/>
                <line num="127" type="stmt" count="0"/>
                <line num="128" type="stmt" count="0"/>
                <line num="129" type="stmt" count="0"/>
                <line num="131" type="stmt" count="0"/>
                <line num="132" type="stmt" count="0"/>
                <line num="133" type="stmt" count="0"/>
                <line num="134" type="stmt" count="0"/>
                <line num="135" type="stmt" count="0"/>
                <line num="136" type="stmt" count="0"/>
                <line num="137" type="stmt" count="0"/>
                <line num="138" type="stmt" count="0"/>
                <line num="139" type="stmt" count="0"/>
                <line num="140" type="stmt" count="0"/>
                <line num="141" type="stmt" count="0"/>
                <line num="142" type="stmt" count="0"/>
                <line num="143" type="stmt" count="0"/>
                <line num="144" type="stmt" count="0"/>
                <line num="145" type="stmt" count="0"/>
                <line num="146" type="stmt" count="0"/>
                <line num="147" type="stmt" count="0"/>
                <line num="148" type="stmt" count="0"/>
                <line num="149" type="stmt" count="0"/>
                <line num="150" type="stmt" count="0"/>
                <line num="151" type="stmt" count="0"/>
                <line num="152" type="stmt" count="0"/>
                <line num="153" type="stmt" count="0"/>
                <line num="155" type="stmt" count="0"/>
                <line num="156" type="stmt" count="0"/>
                <line num="157" type="stmt" count="0"/>
                <line num="159" type="stmt" count="0"/>
                <line num="160" type="stmt" count="0"/>
                <line num="162" type="stmt" count="0"/>
                <line num="163" type="stmt" count="0"/>
                <line num="164" type="stmt" count="0"/>
                <line num="165" type="stmt" count="0"/>
                <line num="166" type="stmt" count="0"/>
                <line num="167" type="stmt" count="0"/>
                <line num="169" type="stmt" count="0"/>
                <line num="170" type="stmt" count="0"/>
                <line num="171" type="stmt" count="0"/>
                <line num="173" type="method" name="initPropertyNames" visibility="protected" complexity="2" crap="6"
                      count="0"/>
                <line num="174" type="stmt" count="0"/>
                <line num="175" type="stmt" count="0"/>
                <line num="176" type="stmt" count="0"/>
                <line num="177" type="stmt" count="0"/>
                <line num="178" type="stmt" count="0"/>
                <line num="179" type="stmt" count="0"/>
                <line num="180" type="stmt" count="0"/>
                <line num="181" type="stmt" count="0"/>
                <line num="182" type="stmt" count="0"/>
                <line num="183" type="stmt" count="0"/>
                <line num="184" type="stmt" count="0"/>
                <line num="185" type="stmt" count="0"/>
                <line num="186" type="stmt" count="0"/>
                <line num="187" type="stmt" count="0"/>
                <line num="189" type="stmt" count="0"/>
                <line num="190" type="stmt" count="0"/>
                <line num="192" type="method" name="preparePropertiesConstants" visibility="protected" complexity="2"
                      crap="6" count="0"/>
                <line num="193" type="stmt" count="0"/>
                <line num="194" type="stmt" count="0"/>
                <line num="195" type="stmt" count="0"/>
                <line num="196" type="stmt" count="0"/>
                <line num="197" type="stmt" count="0"/>
                <line num="198" type="stmt" count="0"/>
                <line num="199" type="stmt" count="0"/>
                <line num="201" type="stmt" count="0"/>
                <line num="202" type="stmt" count="0"/>
                <line num="204" type="method" name="prepareParameter" visibility="protected" complexity="13" crap="182"
                      count="0"/>
                <line num="205" type="stmt" count="0"/>
                <line num="206" type="stmt" count="0"/>
                <line num="207" type="stmt" count="0"/>
                <line num="208" type="stmt" count="0"/>
                <line num="209" type="stmt" count="0"/>
                <line num="210" type="stmt" count="0"/>
                <line num="211" type="stmt" count="0"/>
                <line num="212" type="stmt" count="0"/>
                <line num="213" type="stmt" count="0"/>
                <line num="214" type="stmt" count="0"/>
                <line num="215" type="stmt" count="0"/>
                <line num="216" type="stmt" count="0"/>
                <line num="217" type="stmt" count="0"/>
                <line num="218" type="stmt" count="0"/>
                <line num="219" type="stmt" count="0"/>
                <line num="220" type="stmt" count="0"/>
                <line num="221" type="stmt" count="0"/>
                <line num="222" type="stmt" count="0"/>
                <line num="223" type="stmt" count="0"/>
                <line num="224" type="stmt" count="0"/>
                <line num="225" type="stmt" count="0"/>
                <line num="226" type="stmt" count="0"/>
                <line num="227" type="stmt" count="0"/>
                <line num="228" type="stmt" count="0"/>
                <line num="230" type="stmt" count="0"/>
                <line num="231" type="stmt" count="0"/>
                <line num="233" type="stmt" count="0"/>
                <line num="234" type="stmt" count="0"/>
                <line num="236" type="method" name="prepareStringValue" visibility="protected" complexity="1" crap="2"
                      count="0"/>
                <line num="237" type="stmt" count="0"/>
                <line num="238" type="stmt" count="0"/>
                <line num="240" type="stmt" count="0"/>
                <line num="241" type="stmt" count="0"/>
                <line num="243" type="method" name="prepareInitPropertiesMethod" visibility="protected" complexity="3"
                      crap="12" count="0"/>
                <line num="244" type="stmt" count="0"/>
                <line num="245" type="stmt" count="0"/>
                <line num="246" type="stmt" count="0"/>
                <line num="247" type="stmt" count="0"/>
                <line num="248" type="stmt" count="0"/>
                <line num="249" type="stmt" count="0"/>
                <line num="250" type="stmt" count="0"/>
                <line num="251" type="stmt" count="0"/>
                <line num="252" type="stmt" count="0"/>
                <line num="253" type="stmt" count="0"/>
                <line num="254" type="stmt" count="0"/>
                <line num="255" type="stmt" count="0"/>
                <line num="257" type="stmt" count="0"/>
                <line num="258" type="stmt" count="0"/>
                <line num="260" type="method" name="prepareGetters" visibility="protected" complexity="2" crap="6"
                      count="0"/>
                <line num="261" type="stmt" count="0"/>
                <line num="262" type="stmt" count="0"/>
                <line num="263" type="stmt" count="0"/>
                <line num="264" type="stmt" count="0"/>
                <line num="265" type="stmt" count="0"/>
                <line num="266" type="stmt" count="0"/>
                <line num="267" type="stmt" count="0"/>
                <line num="268" type="stmt" count="0"/>
                <line num="269" type="stmt" count="0"/>
                <line num="270" type="stmt" count="0"/>
                <line num="272" type="stmt" count="0"/>
                <line num="273" type="stmt" count="0"/>
                <line num="275" type="method" name="prepareSetters" visibility="protected" complexity="2" crap="6"
                      count="0"/>
                <line num="276" type="stmt" count="0"/>
                <line num="277" type="stmt" count="0"/>
                <line num="278" type="stmt" count="0"/>
                <line num="279" type="stmt" count="0"/>
                <line num="280" type="stmt" count="0"/>
                <line num="281" type="stmt" count="0"/>
                <line num="282" type="stmt" count="0"/>
                <line num="283" type="stmt" count="0"/>
                <line num="284" type="stmt" count="0"/>
                <line num="285" type="stmt" count="0"/>
                <line num="286" type="stmt" count="0"/>
                <line num="287" type="stmt" count="0"/>
                <line num="288" type="stmt" count="0"/>
                <line num="289" type="stmt" count="0"/>
                <line num="291" type="stmt" count="0"/>
                <line num="292" type="stmt" count="0"/>
                <line num="294" type="method" name="prepareNamespace" visibility="protected" complexity="2" crap="6"
                      count="0"/>
                <line num="295" type="stmt" count="0"/>
                <line num="296" type="stmt" count="0"/>
                <line num="297" type="stmt" count="0"/>
                <line num="299" type="method" name="getAbsolutePath" visibility="protected" complexity="2" crap="6"
                      count="0"/>
                <line num="300" type="stmt" count="0"/>
                <line num="301" type="stmt" count="0"/>
                <line num="302" type="stmt" count="0"/>
                <line num="303" type="stmt" count="0"/>
                <line num="305" type="stmt" count="0"/>
                <line num="306" type="stmt" count="0"/>
                <line num="308" type="method" name="getOutputDirName" visibility="protected" complexity="1" crap="2"
                      count="0"/>
                <line num="309" type="stmt" count="0"/>
                <line num="310" type="stmt" count="0"/>
                <line num="311" type="stmt" count="0"/>
                <line num="312" type="stmt" count="0"/>
                <line num="313" type="stmt" count="0"/>
                <line num="314" type="stmt" count="0"/>
                <line num="315" type="stmt" count="0"/>
                <line num="317" type="method" name="getOutputFileName" visibility="protected" complexity="1" crap="2"
                      count="0"/>
                <line num="318" type="stmt" count="0"/>
                <line num="319" type="stmt" count="0"/>
                <line num="320" type="stmt" count="0"/>
                <line num="322" type="method" name="generateUses" visibility="protected" complexity="5" crap="30"
                      count="0"/>
                <line num="323" type="stmt" count="0"/>
                <line num="325" type="stmt" count="0"/>
                <line num="326" type="stmt" count="0"/>
                <line num="327" type="stmt" count="0"/>
                <line num="328" type="stmt" count="0"/>
                <line num="329" type="stmt" count="0"/>
                <line num="330" type="stmt" count="0"/>
                <line num="331" type="stmt" count="0"/>
                <line num="332" type="stmt" count="0"/>
                <line num="333" type="stmt" count="0"/>
                <line num="334" type="stmt" count="0"/>
                <line num="335" type="stmt" count="0"/>
                <line num="336" type="stmt" count="0"/>
                <line num="337" type="stmt" count="0"/>
                <line num="338" type="stmt" count="0"/>
                <line num="340" type="stmt" count="0"/>
                <line num="341" type="stmt" count="0"/>
                <line num="343" type="method" name="copyCustomCode" visibility="protected" complexity="2" crap="6"
                      count="0"/>
                <line num="344" type="stmt" count="0"/>
                <line num="345" type="stmt" count="0"/>
                <line num="346" type="stmt" count="0"/>
                <line num="347" type="stmt" count="0"/>
                <line num="349" type="stmt" count="0"/>
                <line num="350" type="stmt" count="0"/>
                <line num="352" type="method" name="mergeUses" visibility="protected" complexity="3" crap="12"
                      count="0"/>
                <line num="353" type="stmt" count="0"/>
                <line num="354" type="stmt" count="0"/>
                <line num="355" type="stmt" count="0"/>
                <line num="356" type="stmt" count="0"/>
                <line num="357" type="stmt" count="0"/>
                <line num="358" type="stmt" count="0"/>
                <line num="359" type="stmt" count="0"/>
                <line num="360" type="stmt" count="0"/>
                <line num="362" type="stmt" count="0"/>
                <line num="363" type="stmt" count="0"/>
                <line num="365" type="method" name="getPropertyBagTemplate" visibility="protected" complexity="1"
                      crap="2" count="0"/>
                <line num="366" type="stmt" count="0"/>
                <line num="367" type="stmt" count="0"/>
                <line num="369" type="stmt" count="0"/>
                <line num="372" type="stmt" count="0"/>
                <line num="374" type="stmt" count="0"/>
                <line num="375" type="stmt" count="0"/>
                <line num="376" type="stmt" count="0"/>
                <line num="378" type="stmt" count="0"/>
                <line num="380" type="stmt" count="0"/>
                <line num="381" type="stmt" count="0"/>
                <line num="382" type="stmt" count="0"/>
                <line num="383" type="stmt" count="0"/>
                <line num="384" type="stmt" count="0"/>
                <line num="385" type="stmt" count="0"/>
                <line num="386" type="stmt" count="0"/>
                <line num="387" type="stmt" count="0"/>
                <line num="389" type="method" name="propertiesIniterTemplate" visibility="protected" complexity="1"
                      crap="2" count="0"/>
                <line num="390" type="stmt" count="0"/>
                <line num="391" type="stmt" count="0"/>
                <line num="392" type="stmt" count="0"/>
                <line num="393" type="stmt" count="0"/>
                <line num="394" type="stmt" count="0"/>
                <line num="395" type="stmt" count="0"/>
                <line num="396" type="stmt" count="0"/>
                <line num="397" type="stmt" count="0"/>
                <line num="398" type="stmt" count="0"/>
                <line num="399" type="stmt" count="0"/>
                <line num="401" type="method" name="propertiesChildIniterTemplate" visibility="protected" complexity="1"
                      crap="2" count="0"/>
                <line num="402" type="stmt" count="0"/>
                <line num="403" type="stmt" count="0"/>
                <line num="404" type="stmt" count="0"/>
                <line num="405" type="stmt" count="0"/>
                <line num="406" type="stmt" count="0"/>
                <line num="407" type="stmt" count="0"/>
                <line num="408" type="stmt" count="0"/>
                <line num="409" type="stmt" count="0"/>
                <line num="410" type="stmt" count="0"/>
                <line num="411" type="stmt" count="0"/>
                <line num="412" type="stmt" count="0"/>
                <line num="413" type="stmt" count="0"/>
                <line num="414" type="stmt" count="0"/>
                <line num="416" type="method" name="selfConstantTemplate" visibility="protected" complexity="1" crap="2"
                      count="0"/>
                <line num="417" type="stmt" count="0"/>
                <line num="418" type="stmt" count="0"/>
                <line num="419" type="stmt" count="0"/>
                <line num="421" type="method" name="constPropertyTemplate" visibility="protected" complexity="1"
                      crap="2" count="0"/>
                <line num="422" type="stmt" count="0"/>
                <line num="423" type="stmt" count="0"/>
                <line num="424" type="stmt" count="0"/>
                <line num="426" type="method" name="getterTemplate" visibility="protected" complexity="1" crap="2"
                      count="0"/>
                <line num="427" type="stmt" count="0"/>
                <line num="428" type="stmt" count="0"/>
                <line num="429" type="stmt" count="0"/>
                <line num="430" type="stmt" count="0"/>
                <line num="431" type="stmt" count="0"/>
                <line num="432" type="stmt" count="0"/>
                <line num="433" type="stmt" count="0"/>
                <line num="435" type="method" name="setterTemplate" visibility="protected" complexity="1" crap="2"
                      count="0"/>
                <line num="436" type="stmt" count="0"/>
                <line num="437" type="stmt" count="0"/>
                <line num="438" type="stmt" count="0"/>
                <line num="439" type="stmt" count="0"/>
                <line num="441" type="stmt" count="0"/>
                <line num="442" type="stmt" count="0"/>
                <line num="443" type="stmt" count="0"/>
                <line num="444" type="stmt" count="0"/>
                <line num="446" type="method" name="useTemplate" visibility="protected" complexity="1" crap="2"
                      count="0"/>
                <line num="447" type="stmt" count="0"/>
                <line num="448" type="stmt" count="0"/>
                <line num="449" type="stmt" count="0"/>
                <line num="451" type="method" name="arrayPropertyTemplate" visibility="protected" complexity="1"
                      crap="2" count="0"/>
                <line num="452" type="stmt" count="0"/>
                <line num="453" type="stmt" count="0"/>
                <line num="454" type="stmt" count="0"/>
                <metrics loc="454" ncloc="432" classes="1" methods="29" coveredmethods="0" conditionals="0"
                         coveredconditionals="0" statements="324" coveredstatements="0" elements="353"
                         coveredelements="0"/>
            </file>
        </package>
        <package name="NewInventor\PropertyBag\Metadata">
            <file name="/home/george/www/property-bag/src/Metadata/Configuration.php">
                <class name="Configuration" namespace="NewInventor\PropertyBag\Metadata">
                    <metrics complexity="4" methods="4" coveredmethods="0" conditionals="0" coveredconditionals="0"
                             statements="30" coveredstatements="0" elements="34" coveredelements="0"/>
        </class>
                <line num="26" type="method" name="getConfigTreeBuilder" visibility="public" complexity="1" crap="2"
                      count="0"/>
                <line num="27" type="stmt" count="0"/>
                <line num="28" type="stmt" count="0"/>
                <line num="29" type="stmt" count="0"/>
                <line num="30" type="stmt" count="0"/>
                <line num="31" type="stmt" count="0"/>
                <line num="32" type="stmt" count="0"/>
                <line num="33" type="stmt" count="0"/>
                <line num="34" type="stmt" count="0"/>
                <line num="35" type="stmt" count="0"/>
                <line num="36" type="stmt" count="0"/>
                <line num="37" type="stmt" count="0"/>
                <line num="39" type="stmt" count="0"/>
                <line num="40" type="stmt" count="0"/>
                <line num="42" type="method" name="getParentNode" visibility="protected" complexity="1" crap="2"
                      count="0"/>
                <line num="43" type="stmt" count="0"/>
                <line num="44" type="stmt" count="0"/>
                <line num="45" type="stmt" count="0"/>
                <line num="47" type="method" name="getAbstractNode" visibility="protected" complexity="1" crap="2"
                      count="0"/>
                <line num="48" type="stmt" count="0"/>
                <line num="49" type="stmt" count="0"/>
                <line num="50" type="stmt" count="0"/>
                <line num="52" type="method" name="getMethodsNode" visibility="protected" complexity="1" crap="2"
                      count="0"/>
                <line num="53" type="stmt" count="0"/>
                <line num="54" type="stmt" count="0"/>
                <line num="55" type="stmt" count="0"/>
                <line num="56" type="stmt" count="0"/>
                <line num="57" type="stmt" count="0"/>
                <line num="58" type="stmt" count="0"/>
                <line num="59" type="stmt" count="0"/>
                <line num="60" type="stmt" count="0"/>
                <line num="61" type="stmt" count="0"/>
                <line num="62" type="stmt" count="0"/>
                <line num="63" type="stmt" count="0"/>
                <metrics loc="63" ncloc="53" classes="1" methods="4" coveredmethods="0" conditionals="0"
                         coveredconditionals="0" statements="30" coveredstatements="0" elements="34"
                         coveredelements="0"/>
            </file>
            <file name="/home/george/www/property-bag/src/Metadata/Factory.php">
                <class name="Factory" namespace="NewInventor\PropertyBag\Metadata">
                    <metrics complexity="1" methods="1" coveredmethods="0" conditionals="0" coveredconditionals="0"
                             statements="8" coveredstatements="0" elements="9" coveredelements="0"/>
                </class>
                <line num="24" type="method" name="constructMetadata" visibility="protected" complexity="1" crap="2"
                      count="0"/>
                <line num="25" type="stmt" count="0"/>
                <line num="26" type="stmt" count="0"/>
                <line num="27" type="stmt" count="0"/>
                <line num="28" type="stmt" count="0"/>
                <line num="29" type="stmt" count="0"/>
                <line num="30" type="stmt" count="0"/>
                <line num="32" type="stmt" count="0"/>
                <line num="33" type="stmt" count="0"/>
                <metrics loc="33" ncloc="21" classes="1" methods="1" coveredmethods="0" conditionals="0"
                         coveredconditionals="0" statements="8" coveredstatements="0" elements="9" coveredelements="0"/>
            </file>
            <file name="/home/george/www/property-bag/src/Metadata/Metadata.php">
                <class name="Metadata" namespace="NewInventor\PropertyBag\Metadata">
                    <metrics complexity="0" methods="0" coveredmethods="0" conditionals="0" coveredconditionals="0"
                             statements="0" coveredstatements="0" elements="0" coveredelements="0"/>
                </class>
                <metrics loc="23" ncloc="14" classes="0" methods="0" coveredmethods="0" conditionals="0"
                         coveredconditionals="0" statements="0" coveredstatements="0" elements="0" coveredelements="0"/>
            </file>
            <file name="/home/george/www/property-bag/src/Metadata/Parser.php">
                <class name="Parser" namespace="NewInventor\PropertyBag\Metadata">
                    <metrics complexity="8" methods="2" coveredmethods="0" conditionals="0" coveredconditionals="0"
                             statements="24" coveredstatements="0" elements="26" coveredelements="0"/>
                </class>
                <line num="22" type="method" name="parse" visibility="public" complexity="5" crap="30" count="0"/>
                <line num="23" type="stmt" count="0"/>
                <line num="24" type="stmt" count="0"/>
                <line num="25" type="stmt" count="0"/>
                <line num="26" type="stmt" count="0"/>
                <line num="27" type="stmt" count="0"/>
                <line num="28" type="stmt" count="0"/>
                <line num="29" type="stmt" count="0"/>
                <line num="30" type="stmt" count="0"/>
                <line num="31" type="stmt" count="0"/>
                <line num="32" type="stmt" count="0"/>
                <line num="33" type="stmt" count="0"/>
                <line num="34" type="stmt" count="0"/>
                <line num="35" type="stmt" count="0"/>
                <line num="36" type="stmt" count="0"/>
                <line num="37" type="stmt" count="0"/>
                <line num="39" type="method" name="prepareMethods" visibility="protected" complexity="3" crap="12"
                      count="0"/>
                <line num="40" type="stmt" count="0"/>
                <line num="41" type="stmt" count="0"/>
                <line num="42" type="stmt" count="0"/>
                <line num="43" type="stmt" count="0"/>
                <line num="44" type="stmt" count="0"/>
                <line num="45" type="stmt" count="0"/>
                <line num="46" type="stmt" count="0"/>
                <line num="48" type="stmt" count="0"/>
                <line num="49" type="stmt" count="0"/>
                <metrics loc="49" ncloc="38" classes="1" methods="2" coveredmethods="0" conditionals="0"
                         coveredconditionals="0" statements="24" coveredstatements="0" elements="26"
                         coveredelements="0"/>
            </file>
        </package>
        <package name="NewInventor\PropertyBag">
            <file name="/home/george/www/property-bag/src/PropertyBag.php">
                <class name="PropertyBag" namespace="NewInventor\PropertyBag">
                    <metrics complexity="11" methods="10" coveredmethods="6" conditionals="0" coveredconditionals="0"
                             statements="18" coveredstatements="12" elements="28" coveredelements="18"/>
                </class>
                <line num="20" type="method" name="__construct" visibility="public" complexity="1" crap="1" count="5"/>
                <line num="22" type="stmt" count="5"/>
                <line num="23" type="stmt" count="5"/>
                <line num="25" type="method" name="initProperties" visibility="protected" complexity="1" crap="2"
                      count="0"/>
                <line num="28" type="stmt" count="0"/>
                <line num="36" type="method" name="add" visibility="public" complexity="1" crap="2" count="0"/>
                <line num="38" type="stmt" count="0"/>
                <line num="40" type="stmt" count="0"/>
                <line num="48" type="method" name="remove" visibility="public" complexity="1" crap="2" count="0"/>
                <line num="50" type="stmt" count="0"/>
                <line num="52" type="stmt" count="0"/>
                <line num="60" type="method" name="has" visibility="public" complexity="1" crap="1" count="3"/>
                <line num="62" type="stmt" count="3"/>
                <line num="73" type="method" name="set" visibility="public" complexity="1" crap="1" count="3"/>
                <line num="75" type="stmt" count="3"/>
                <line num="76" type="stmt" count="3"/>
                <line num="78" type="stmt" count="3"/>
                <line num="87" type="method" name="get" visibility="public" complexity="1" crap="1" count="2"/>
                <line num="89" type="stmt" count="2"/>
                <line num="91" type="stmt" count="2"/>
                <line num="97" type="method" name="toArray" visibility="public" complexity="1" crap="1" count="1"/>
                <line num="99" type="stmt" count="1"/>
                <line num="107" type="method" name="failIfNotExist" visibility="protected" complexity="2" crap="2"
                      count="3"/>
                <line num="109" type="stmt" count="3"/>
                <line num="110" type="stmt" count="2"/>
                <line num="112" type="stmt" count="3"/>
                <line num="123" type="method" name="make" visibility="public" complexity="1" crap="2" count="0"/>
                <line num="126" type="stmt" count="0"/>
                <metrics loc="127" ncloc="73" classes="1" methods="10" coveredmethods="6" conditionals="0"
                         coveredconditionals="0" statements="18" coveredstatements="12" elements="28"
                         coveredelements="18"/>
      </file>
        </package>
        <file name="/home/george/www/property-bag/src/PropertyBagInterface.php">
            <metrics loc="58" ncloc="20" classes="0" methods="0" coveredmethods="0" conditionals="0"
                     coveredconditionals="0" statements="0" coveredstatements="0" elements="0" coveredelements="0"/>
        </file>
        <metrics files="7" loc="807" ncloc="651" classes="5" methods="46" coveredmethods="6" conditionals="0"
                 coveredconditionals="0" statements="404" coveredstatements="12" elements="450" coveredelements="18"/>
  </project>
</coverage>
