<?xml version="1.0" encoding="UTF-8"?>
<coverage generated="1507556275">
    <project timestamp="1507556275">
        <file name="/home/george/www/property-bag/src/Arrayable.php">
            <metrics loc="17" ncloc="8" classes="0" methods="0" coveredmethods="0" conditionals="0"
                     coveredconditionals="0" statements="0" coveredstatements="0" elements="0" coveredelements="0"/>
        </file>
        <file name="/home/george/www/property-bag/src/DataStructureInterface.php">
            <metrics loc="26" ncloc="10" classes="0" methods="0" coveredmethods="0" conditionals="0"
                     coveredconditionals="0" statements="0" coveredstatements="0" elements="0" coveredelements="0"/>
        </file>
        <package name="NewInventor\DataStructure">
            <file name="/home/george/www/property-bag/src/DataStructureRecursiveConstructor.php">
                <class name="DataStructureRecursiveConstructor" namespace="NewInventor\DataStructure">
                    <metrics complexity="9" methods="4" coveredmethods="1" conditionals="0" coveredconditionals="0"
                             statements="24" coveredstatements="3" elements="28" coveredelements="4"/>
        </class>
                <line num="21" type="method" name="__construct" visibility="public" complexity="1" crap="1" count="1"/>
                <line num="23" type="stmt" count="1"/>
                <line num="24" type="stmt" count="1"/>
                <line num="33" type="method" name="construct" visibility="public" complexity="3" crap="9.76" count="1"/>
                <line num="35" type="stmt" count="1"/>
                <line num="36" type="stmt" count="0"/>
                <line num="37" type="stmt" count="0"/>
                <line num="38" type="stmt" count="0"/>
                <line num="40" type="stmt" count="0"/>
                <line num="41" type="stmt" count="0"/>
                <line num="44" type="stmt" count="0"/>
                <line num="45" type="stmt" count="0"/>
                <line num="47" type="stmt" count="0"/>
                <line num="49" type="stmt" count="0"/>
        <line num="53" type="stmt" count="0"/>
                <line num="64" type="method" name="constructNested" visibility="protected" complexity="3" crap="12"
                      count="0"/>
        <line num="66" type="stmt" count="0"/>
        <line num="67" type="stmt" count="0"/>
        <line num="68" type="stmt" count="0"/>
        <line num="69" type="stmt" count="0"/>
                <line num="73" type="stmt" count="0"/>
                <line num="83" type="method" name="constructConcreteNested" visibility="protected" complexity="2"
                      crap="6" count="0"/>
        <line num="85" type="stmt" count="0"/>
        <line num="86" type="stmt" count="0"/>
        <line num="87" type="stmt" count="0"/>
        <line num="89" type="stmt" count="0"/>
        <line num="91" type="stmt" count="0"/>
        <line num="93" type="stmt" count="0"/>
                <metrics loc="94" ncloc="61" classes="1" methods="4" coveredmethods="1" conditionals="0"
                         coveredconditionals="0" statements="24" coveredstatements="3" elements="28"
                         coveredelements="4"/>
            </file>
            <file name="/home/george/www/property-bag/src/Metadata.php">
                <class name="Metadata" namespace="NewInventor\DataStructure">
                    <metrics complexity="68" methods="27" coveredmethods="26" conditionals="0" coveredconditionals="0"
                             statements="119" coveredstatements="118" elements="146" coveredelements="144"/>
                </class>
                <line num="50" type="method" name="getConfig" visibility="public" complexity="1" crap="1" count="6"/>
                <line num="52" type="stmt" count="6"/>
                <line num="55" type="method" name="getClassNameFromFile" visibility="public" complexity="1" crap="1"
                      count="6"/>
                <line num="57" type="stmt" count="6"/>
                <line num="60" type="method" name="loadConfig" visibility="public" complexity="8" crap="8" count="6"/>
                <line num="62" type="stmt" count="6"/>
                <line num="63" type="stmt" count="6"/>
                <line num="64" type="stmt" count="6"/>
                <line num="65" type="stmt" count="6"/>
                <line num="66" type="stmt" count="6"/>
                <line num="67" type="stmt" count="6"/>
                <line num="69" type="stmt" count="6"/>
                <line num="70" type="stmt" count="5"/>
                <line num="71" type="stmt" count="4"/>
                <line num="73" type="stmt" count="5"/>
                <line num="74" type="stmt" count="5"/>
                <line num="76" type="stmt" count="5"/>
                <line num="77" type="stmt" count="5"/>
                <line num="78" type="stmt" count="5"/>
                <line num="81" type="stmt" count="4"/>
                <line num="82" type="stmt" count="4"/>
                <line num="84" type="stmt" count="4"/>
                <line num="85" type="stmt" count="4"/>
                <line num="88" type="stmt" count="4"/>
                <line num="89" type="stmt" count="4"/>
                <line num="91" type="stmt" count="4"/>
                <line num="94" type="method" name="createValidator" visibility="protected" complexity="1" crap="1"
                      count="4"/>
                <line num="96" type="stmt" count="4"/>
                <line num="98" type="stmt" count="4"/>
                <line num="99" type="stmt" count="4"/>
                <line num="100" type="stmt" count="4"/>
                <line num="102" type="stmt" count="4"/>
                <line num="104" type="stmt" count="4"/>
                <line num="105" type="stmt" count="4"/>
                <line num="106" type="stmt" count="4"/>
                <line num="107" type="stmt" count="4"/>
                <line num="111" type="method" name="prepareMethods" visibility="protected" complexity="3" crap="3"
                      count="4"/>
                <line num="113" type="stmt" count="4"/>
                <line num="114" type="stmt" count="4"/>
                <line num="116" type="stmt" count="4"/>
                <line num="117" type="stmt" count="3"/>
                <line num="120" type="stmt" count="1"/>
                <line num="123" type="method" name="prepareProperty" visibility="protected" complexity="4" crap="4"
                      count="5"/>
                <line num="125" type="stmt" count="5"/>
                <line num="126" type="stmt" count="5"/>
                <line num="127" type="stmt" count="3"/>
                <line num="130" type="stmt" count="5"/>
                <line num="131" type="stmt" count="5"/>
                <line num="132" type="stmt" count="5"/>
                <line num="133" type="stmt" count="5"/>
                <line num="134" type="stmt" count="5"/>
                <line num="136" type="stmt" count="3"/>
                <line num="138" type="stmt" count="5"/>
                <line num="140" type="stmt" count="5"/>
                <line num="141" type="stmt" count="5"/>
                <line num="143" type="method" name="setPropertyTransformer" visibility="protected" complexity="2"
                      crap="2" count="5"/>
                <line num="148" type="stmt" count="5"/>
                <line num="149" type="stmt" count="5"/>
                <line num="151" type="stmt" count="5"/>
                <line num="152" type="stmt" count="5"/>
                <line num="160" type="method" name="prepareTransformer" visibility="protected" complexity="3" crap="3"
                      count="5"/>
                <line num="162" type="stmt" count="5"/>
                <line num="164" type="stmt" count="5"/>
                <line num="165" type="stmt" count="5"/>
                <line num="167" type="stmt" count="4"/>
                <line num="170" type="stmt" count="5"/>
                <line num="173" type="method" name="prepareTransformersList" visibility="protected" complexity="4"
                      crap="4" count="5"/>
                <line num="175" type="stmt" count="5"/>
                <line num="176" type="stmt" count="5"/>
                <line num="177" type="stmt" count="5"/>
                <line num="178" type="stmt" count="5"/>
                <line num="179" type="stmt" count="5"/>
                <line num="180" type="stmt" count="5"/>
                <line num="181" type="stmt" count="5"/>
                <line num="182" type="stmt" count="5"/>
                <line num="183" type="stmt" count="5"/>
                <line num="184" type="stmt" count="5"/>
                <line num="187" type="stmt" count="5"/>
                <line num="191" type="stmt" count="5"/>
                <line num="194" type="method" name="normalizeGroups" visibility="protected" complexity="2" crap="2"
                      count="5"/>
                <line num="196" type="stmt" count="5"/>
                <line num="199" type="method" name="extractGroups" visibility="protected" complexity="5" crap="5"
                      count="5"/>
                <line num="201" type="stmt" count="5"/>
                <line num="202" type="stmt" count="5"/>
                <line num="203" type="stmt" count="5"/>
                <line num="205" type="stmt" count="5"/>
                <line num="209" type="stmt" count="4"/>
                <line num="212" type="method" name="getFullName" visibility="protected" complexity="3" crap="3"
                      count="5"/>
                <line num="214" type="stmt" count="5"/>
                <line num="215" type="stmt" count="5"/>
                <line num="218" type="stmt" count="5"/>
                <line num="221" type="method" name="initValidation" visibility="protected" complexity="13" crap="13"
                      count="6"/>
                <line num="223" type="stmt" count="6"/>
                <line num="224" type="stmt" count="6"/>
                <line num="225" type="stmt" count="2"/>
                <line num="227" type="stmt" count="5"/>
                <line num="228" type="stmt" count="5"/>
                <line num="229" type="stmt" count="5"/>
                <line num="232" type="stmt" count="5"/>
                <line num="233" type="stmt" count="5"/>
                <line num="234" type="stmt" count="5"/>
                <line num="235" type="stmt" count="5"/>
                <line num="237" type="stmt" count="5"/>
                <line num="240" type="stmt" count="4"/>
                <line num="241" type="stmt" count="4"/>
                <line num="242" type="stmt" count="4"/>
                <line num="243" type="stmt" count="4"/>
                <line num="245" type="stmt" count="4"/>
                <line num="248" type="stmt" count="4"/>
                <line num="250" type="method" name="prepareGetterValidators" visibility="protected" complexity="2"
                      crap="2" count="6"/>
                <line num="252" type="stmt" count="6"/>
                <line num="253" type="stmt" count="5"/>
                <line num="255" type="stmt" count="5"/>
                <line num="257" type="method" name="preparePropertyValidators" visibility="protected" complexity="2"
                      crap="2" count="4"/>
                <line num="259" type="stmt" count="4"/>
                <line num="260" type="stmt" count="4"/>
                <line num="262" type="stmt" count="4"/>
                <line num="264" type="method" name="prepareValidator" visibility="protected" complexity="3" crap="3"
                      count="5"/>
                <line num="266" type="stmt" count="5"/>
                <line num="267" type="stmt" count="5"/>
                <line num="268" type="stmt" count="5"/>
                <line num="270" type="stmt" count="5"/>
                <line num="271" type="stmt" count="1"/>
                <line num="274" type="stmt" count="5"/>
                <line num="280" type="method" name="getFullClassName" visibility="public" complexity="1" crap="1"
                      count="6"/>
                <line num="282" type="stmt" count="6"/>
                <line num="288" type="method" name="getNamespace" visibility="public" complexity="1" crap="1"
                      count="2"/>
                <line num="290" type="stmt" count="2"/>
                <line num="296" type="method" name="getClassName" visibility="public" complexity="1" crap="1"
                      count="2"/>
                <line num="298" type="stmt" count="2"/>
                <line num="304" type="method" name="getValidator" visibility="public" complexity="1" crap="1"
                      count="2"/>
                <line num="306" type="stmt" count="2"/>
                <line num="312" type="method" name="getParent" visibility="public" complexity="1" crap="1" count="2"/>
                <line num="314" type="stmt" count="2"/>
                <line num="320" type="method" name="isAbstract" visibility="public" complexity="1" crap="1" count="2"/>
                <line num="322" type="stmt" count="2"/>
                <line num="328" type="method" name="getProperties" visibility="public" complexity="1" crap="1"
                      count="2"/>
                <line num="330" type="stmt" count="2"/>
                <line num="338" type="method" name="getTransformer" visibility="public" complexity="1" crap="1"
                      count="2"/>
                <line num="340" type="stmt" count="2"/>
                <line num="346" type="method" name="getGetters" visibility="public" complexity="1" crap="1" count="2"/>
                <line num="348" type="stmt" count="2"/>
                <line num="354" type="method" name="getSetters" visibility="public" complexity="1" crap="1" count="2"/>
                <line num="356" type="stmt" count="2"/>
                <line num="362" type="method" name="getNested" visibility="public" complexity="1" crap="2" count="0"/>
                <line num="364" type="stmt" count="0"/>
                <metrics loc="365" ncloc="308" classes="1" methods="27" coveredmethods="26" conditionals="0"
                         coveredconditionals="0" statements="119" coveredstatements="118" elements="146"
                         coveredelements="144"/>
            </file>
            <file name="/home/george/www/property-bag/src/MetadataConfiguration.php">
                <class name="MetadataConfiguration" namespace="NewInventor\DataStructure">
                    <metrics complexity="92" methods="39" coveredmethods="33" conditionals="0" coveredconditionals="0"
                             statements="193" coveredstatements="170" elements="232" coveredelements="203"/>
                </class>
                <line num="28" type="method" name="getConfigTreeBuilder" visibility="public" complexity="1" crap="1"
                      count="6"/>
                <line num="30" type="stmt" count="6"/>
                <line num="32" type="stmt" count="6"/>
                <line num="33" type="stmt" count="6"/>
                <line num="34" type="stmt" count="6"/>
                <line num="35" type="stmt" count="6"/>
                <line num="36" type="stmt" count="6"/>
                <line num="37" type="stmt" count="6"/>
                <line num="38" type="stmt" count="6"/>
                <line num="39" type="stmt" count="6"/>
                <line num="41" type="stmt" count="6"/>
                <line num="44" type="method" name="getNamespaceNode" visibility="protected" complexity="1" crap="1"
                      count="6"/>
                <line num="46" type="stmt" count="6"/>
                <line num="49" type="method" name="getParentNode" visibility="protected" complexity="1" crap="1"
                      count="6"/>
                <line num="51" type="stmt" count="6"/>
                <line num="54" type="method" name="getAbstractNode" visibility="protected" complexity="1" crap="1"
                      count="6"/>
                <line num="56" type="stmt" count="6"/>
                <line num="59" type="method" name="getMethodsNode" visibility="protected" complexity="1" crap="1"
                      count="6"/>
                <line num="61" type="stmt" count="6"/>
                <line num="62" type="stmt" count="6"/>
                <line num="63" type="stmt" count="6"/>
                <line num="64" type="stmt" count="6"/>
                <line num="65" type="stmt" count="6"/>
                <line num="66" type="stmt" count="6"/>
                <line num="67" type="stmt" count="6"/>
                <line num="68" type="stmt" count="6"/>
                <line num="69" type="stmt" count="6"/>
                <line num="72" type="method" name="getValidationNode" visibility="protected" complexity="1" crap="1"
                      count="6"/>
                <line num="74" type="stmt" count="6"/>
                <line num="75" type="stmt" count="6"/>
                <line num="76" type="stmt" count="6"/>
                <line num="77" type="stmt" count="6"/>
                <line num="78" type="stmt" count="6"/>
                <line num="79" type="stmt" count="6"/>
                <line num="82" type="method" name="getPropertiesNode" visibility="protected" complexity="1" crap="1"
                      count="6"/>
                <line num="84" type="stmt" count="6"/>
                <line num="85" type="stmt" count="6"/>
                <line num="88" type="stmt" count="6"/>
                <line num="89" type="stmt" count="6"/>
                <line num="90" type="stmt" count="6"/>
                <line num="91" type="stmt" count="6"/>
                <line num="92" type="stmt" count="6"/>
                <line num="93" type="method" name="anonymousFunction:93#619" complexity="1" crap="1" count="6"/>
                <line num="94" type="stmt" count="6"/>
                <line num="95" type="stmt" count="6"/>
                <line num="97" type="stmt" count="6"/>
                <line num="98" type="stmt" count="6"/>
                <line num="99" type="stmt" count="6"/>
                <line num="100" type="stmt" count="6"/>
                <line num="101" type="stmt" count="6"/>
                <line num="102" type="stmt" count="6"/>
                <line num="104" type="stmt" count="6"/>
                <line num="107" type="method" name="getDefaultNode" visibility="protected" complexity="1" crap="1"
                      count="6"/>
                <line num="109" type="stmt" count="6"/>
                <line num="110" type="stmt" count="6"/>
                <line num="111" type="stmt" count="6"/>
                <line num="112" type="stmt" count="6"/>
                <line num="113" type="stmt" count="6"/>
                <line num="114" type="stmt" count="6"/>
                <line num="115" type="stmt" count="6"/>
                <line num="118" type="method" name="getNestedNode" visibility="protected" complexity="1" crap="1"
                      count="6"/>
                <line num="120" type="stmt" count="6"/>
                <line num="121" type="stmt" count="6"/>
                <line num="122" type="stmt" count="6"/>
                <line num="123" type="method" name="anonymousFunction:123#815" complexity="1" crap="1.12" count="6"/>
        <line num="124" type="stmt" count="0"/>
                <line num="125" type="stmt" count="6"/>
                <line num="126" type="stmt" count="6"/>
                <line num="127" type="stmt" count="6"/>
                <line num="128" type="stmt" count="6"/>
                <line num="129" type="stmt" count="6"/>
                <line num="130" type="stmt" count="6"/>
                <line num="131" type="stmt" count="6"/>
                <line num="132" type="stmt" count="6"/>
                <line num="133" type="stmt" count="6"/>
                <line num="134" type="stmt" count="6"/>
                <line num="135" type="stmt" count="6"/>
                <line num="138" type="method" name="getTransformersNode" visibility="protected" complexity="6" crap="6"
                      count="6"/>
                <line num="140" type="stmt" count="6"/>
                <line num="141" type="stmt" count="6"/>
                <line num="144" type="stmt" count="6"/>
                <line num="145" type="stmt" count="6"/>
                <line num="146" type="stmt" count="6"/>
                <line num="147" type="method" name="anonymousFunction:147#967" complexity="1" crap="1" count="6"/>
                <line num="148" type="stmt" count="6"/>
                <line num="149" type="stmt" count="6"/>
                <line num="151" type="stmt" count="6"/>
                <line num="152" type="stmt" count="6"/>
                <line num="153" type="stmt" count="6"/>
                <line num="154" type="stmt" count="6"/>
                <line num="155" type="method" name="anonymousFunction:155#1021" complexity="1" crap="1" count="6"/>
                <line num="156" type="stmt" count="6"/>
                <line num="157" type="stmt" count="6"/>
                <line num="159" type="stmt" count="6"/>
                <line num="160" type="method" name="anonymousFunction:160#1052" complexity="1" crap="1" count="6"/>
                <line num="161" type="stmt" count="1"/>
                <line num="163" type="stmt" count="1"/>
                <line num="164" type="stmt" count="6"/>
                <line num="166" type="stmt" count="6"/>
                <line num="167" type="stmt" count="6"/>
                <line num="168" type="stmt" count="6"/>
                <line num="169" type="method" name="anonymousFunction:169#1105" complexity="1" crap="1" count="6"/>
                <line num="170" type="stmt" count="6"/>
                <line num="171" type="stmt" count="6"/>
                <line num="173" type="stmt" count="6"/>
                <line num="174" type="method" name="anonymousFunction:174#1136" complexity="1" crap="1" count="6"/>
                <line num="175" type="stmt" count="4"/>
                <line num="177" type="stmt" count="4"/>
                <line num="178" type="stmt" count="6"/>
                <line num="180" type="stmt" count="6"/>
                <line num="181" type="stmt" count="6"/>
                <line num="182" type="stmt" count="6"/>
                <line num="183" type="method" name="anonymousFunction:183#1189" complexity="2" crap="2" count="6"/>
                <line num="184" type="stmt" count="6"/>
                <line num="186" type="stmt" count="6"/>
                <line num="187" type="stmt" count="6"/>
                <line num="188" type="stmt" count="6"/>
                <line num="190" type="stmt" count="6"/>
                <line num="191" type="method" name="anonymousFunction:191#1244" complexity="1" crap="1" count="6"/>
                <line num="192" type="stmt" count="1"/>
                <line num="193" type="stmt" count="1"/>
                <line num="195" type="stmt" count="1"/>
                <line num="196" type="stmt" count="6"/>
                <line num="198" type="stmt" count="6"/>
                <line num="199" type="stmt" count="6"/>
                <line num="200" type="stmt" count="6"/>
                <line num="201" type="method" name="anonymousFunction:201#1310" complexity="5" crap="5" count="6"/>
                <line num="202" type="stmt" count="6"/>
                <line num="204" type="stmt" count="6"/>
                <line num="205" type="stmt" count="6"/>
                <line num="206" type="stmt" count="6"/>
                <line num="207" type="stmt" count="6"/>
                <line num="208" type="stmt" count="6"/>
                <line num="210" type="stmt" count="6"/>
                <line num="212" type="stmt" count="6"/>
                <line num="213" type="method" name="anonymousFunction:213#1394" complexity="1" crap="1" count="6"/>
                <line num="214" type="stmt" count="6"/>
                <line num="216" type="stmt" count="6"/>
                <line num="217" type="stmt" count="6"/>
                <line num="219" type="stmt" count="6"/>
                <line num="220" type="stmt" count="6"/>
                <line num="221" type="stmt" count="6"/>
                <line num="222" type="stmt" count="6"/>
                <line num="223" type="stmt" count="6"/>
                <line num="224" type="stmt" count="6"/>
                <line num="225" type="stmt" count="6"/>
                <line num="227" type="stmt" count="6"/>
                <line num="230" type="method" name="normalizeDefault" visibility="protected" complexity="10"
                      crap="54.72" count="5"/>
                <line num="232" type="stmt" count="5"/>
        <line num="233" type="stmt" count="0"/>
                <line num="235" type="stmt" count="5"/>
        <line num="236" type="stmt" count="0"/>
                <line num="238" type="stmt" count="5"/>
                <line num="239" type="stmt" count="5"/>
        <line num="241" type="stmt" count="0"/>
        <line num="242" type="stmt" count="0"/>
                <line num="243" type="stmt" count="0"/>
        <line num="246" type="stmt" count="0"/>
        <line num="247" type="stmt" count="0"/>
        <line num="248" type="stmt" count="0"/>
                <line num="250" type="stmt" count="0"/>
        <line num="252" type="stmt" count="0"/>
        <line num="253" type="stmt" count="0"/>
                <line num="255" type="stmt" count="0"/>
                <line num="260" type="stmt" count="0"/>
                <line num="263" type="method" name="checkCustomParameters" visibility="protected" complexity="11"
                      crap="11.04" count="6"/>
                <line num="265" type="stmt" count="6"/>
                <line num="266" type="stmt" count="5"/>
                <line num="268" type="stmt" count="6"/>
                <line num="269" type="stmt" count="0"/>
                <line num="271" type="stmt" count="6"/>
                <line num="272" type="stmt" count="5"/>
                <line num="274" type="stmt" count="6"/>
                <line num="275" type="stmt" count="6"/>
                <line num="276" type="stmt" count="6"/>
                <line num="278" type="stmt" count="6"/>
                <line num="280" type="stmt" count="6"/>
                <line num="281" type="stmt" count="6"/>
                <line num="282" type="stmt" count="6"/>
                <line num="284" type="stmt" count="6"/>
                <line num="289" type="stmt" count="1"/>
                <line num="292" type="method" name="normalizeCustomParameters" visibility="protected" complexity="15"
                      crap="15.53" count="6"/>
                <line num="294" type="stmt" count="6"/>
                <line num="295" type="stmt" count="5"/>
                <line num="297" type="stmt" count="6"/>
        <line num="298" type="stmt" count="0"/>
                <line num="300" type="stmt" count="6"/>
        <line num="301" type="stmt" count="0"/>
                <line num="303" type="stmt" count="6"/>
                <line num="304" type="stmt" count="6"/>
                <line num="305" type="stmt" count="6"/>
                <line num="306" type="stmt" count="6"/>
                <line num="307" type="stmt" count="6"/>
                <line num="309" type="stmt" count="6"/>
                <line num="310" type="stmt" count="6"/>
                <line num="311" type="stmt" count="5"/>
                <line num="312" type="stmt" count="5"/>
                <line num="313" type="stmt" count="6"/>
                <line num="314" type="stmt" count="5"/>
                <line num="315" type="stmt" count="5"/>
                <line num="316" type="stmt" count="6"/>
                <line num="317" type="stmt" count="6"/>
        <line num="318" type="stmt" count="0"/>
        <line num="319" type="stmt" count="0"/>
                <line num="320" type="stmt" count="6"/>
                <line num="321" type="stmt" count="6"/>
                <line num="322" type="stmt" count="6"/>
                <line num="323" type="stmt" count="1"/>
                <line num="324" type="stmt" count="6"/>
                <line num="329" type="stmt" count="6"/>
                <line num="330" type="stmt" count="6"/>
                <line num="333" type="stmt" count="6"/>
                <line num="336" type="method" name="getPropertyValidationNode" visibility="protected" complexity="1"
                      crap="1" count="6"/>
                <line num="338" type="stmt" count="6"/>
                <line num="341" type="method" name="evaluateInnerTransformer" visibility="protected" complexity="6"
                      crap="6" count="5"/>
                <line num="343" type="stmt" count="5"/>
                <line num="344" type="stmt" count="5"/>
                <line num="347" type="stmt" count="5"/>
                <line num="348" type="stmt" count="5"/>
                <line num="349" type="stmt" count="5"/>
                <line num="350" type="stmt" count="5"/>
                <line num="351" type="method" name="anonymousFunction:351#2399" complexity="1" crap="1" count="5"/>
                <line num="352" type="stmt" count="5"/>
                <line num="353" type="stmt" count="5"/>
                <line num="355" type="stmt" count="5"/>
                <line num="356" type="method" name="anonymousFunction:356#2430" complexity="1" crap="1.30" count="5"/>
        <line num="357" type="stmt" count="0"/>
        <line num="359" type="stmt" count="0"/>
                <line num="360" type="stmt" count="5"/>
                <line num="362" type="stmt" count="5"/>
                <line num="363" type="stmt" count="5"/>
                <line num="364" type="stmt" count="5"/>
                <line num="365" type="method" name="anonymousFunction:365#2483" complexity="1" crap="1" count="5"/>
                <line num="366" type="stmt" count="5"/>
                <line num="367" type="stmt" count="5"/>
                <line num="369" type="stmt" count="5"/>
                <line num="370" type="method" name="anonymousFunction:370#2514" complexity="1" crap="1.30" count="5"/>
                <line num="371" type="stmt" count="0"/>
        <line num="373" type="stmt" count="0"/>
                <line num="374" type="stmt" count="5"/>
                <line num="376" type="stmt" count="5"/>
                <line num="377" type="stmt" count="5"/>
                <line num="378" type="stmt" count="5"/>
                <line num="379" type="method" name="anonymousFunction:379#2567" complexity="2" crap="2" count="5"/>
                <line num="380" type="stmt" count="5"/>
                <line num="382" type="stmt" count="5"/>
                <line num="383" type="stmt" count="5"/>
                <line num="384" type="stmt" count="5"/>
                <line num="386" type="stmt" count="5"/>
                <line num="387" type="method" name="anonymousFunction:387#2622" complexity="1" crap="1" count="5"/>
                <line num="388" type="stmt" count="1"/>
                <line num="389" type="stmt" count="1"/>
                <line num="391" type="stmt" count="1"/>
                <line num="392" type="stmt" count="5"/>
                <line num="394" type="stmt" count="5"/>
                <line num="395" type="stmt" count="5"/>
                <line num="396" type="stmt" count="5"/>
                <line num="397" type="method" name="anonymousFunction:397#2688" complexity="5" crap="5" count="5"/>
                <line num="398" type="stmt" count="5"/>
                <line num="400" type="stmt" count="5"/>
                <line num="401" type="stmt" count="5"/>
                <line num="402" type="stmt" count="5"/>
                <line num="403" type="stmt" count="5"/>
                <line num="404" type="stmt" count="5"/>
                <line num="406" type="stmt" count="5"/>
                <line num="408" type="stmt" count="5"/>
                <line num="409" type="method" name="anonymousFunction:409#2772" complexity="1" crap="1" count="5"/>
                <line num="410" type="stmt" count="5"/>
                <line num="412" type="stmt" count="5"/>
                <line num="413" type="stmt" count="5"/>
                <line num="415" type="stmt" count="5"/>
                <line num="416" type="stmt" count="5"/>
                <line num="417" type="stmt" count="5"/>
                <line num="418" type="stmt" count="5"/>
                <line num="419" type="stmt" count="5"/>
                <line num="420" type="stmt" count="5"/>
                <line num="421" type="stmt" count="5"/>
                <line num="423" type="stmt" count="5"/>
                <line num="426" type="method" name="evaluateTransformer" visibility="protected" complexity="1" crap="1"
                      count="6"/>
                <line num="428" type="stmt" count="6"/>
                <line num="429" type="stmt" count="6"/>
                <line num="432" type="stmt" count="6"/>
                <line num="433" type="stmt" count="6"/>
                <line num="434" type="method" name="anonymousFunction:434#2929" complexity="1" crap="1" count="6"/>
                <line num="435" type="stmt" count="6"/>
                <line num="436" type="stmt" count="6"/>
                <line num="438" type="stmt" count="6"/>
                <line num="439" type="method" name="anonymousFunction:439#2960" complexity="1" crap="1" count="6"/>
                <line num="440" type="stmt" count="5"/>
                <line num="441" type="stmt" count="6"/>
                <line num="443" type="stmt" count="6"/>
                <line num="444" type="stmt" count="6"/>
                <line num="445" type="stmt" count="6"/>
                <line num="446" type="method" name="anonymousFunction:446#3004" complexity="1" crap="1" count="6"/>
                <line num="447" type="stmt" count="6"/>
                <line num="448" type="stmt" count="6"/>
                <line num="450" type="stmt" count="6"/>
                <line num="451" type="method" name="anonymousFunction:451#3034" complexity="1" crap="1" count="6"/>
                <line num="452" type="stmt" count="1"/>
                <line num="453" type="stmt" count="6"/>
                <metrics loc="465" ncloc="455" classes="1" methods="39" coveredmethods="33" conditionals="0"
                         coveredconditionals="0" statements="261" coveredstatements="238" elements="300"
                         coveredelements="271"/>
            </file>
            <file name="/home/george/www/property-bag/src/MetadataLoader.php">
                <class name="MetadataLoader" namespace="NewInventor\DataStructure">
                    <metrics complexity="19" methods="11" coveredmethods="10" conditionals="0" coveredconditionals="0"
                             statements="33" coveredstatements="32" elements="44" coveredelements="42"/>
                </class>
                <line num="22" type="method" name="__construct" visibility="public" complexity="2" crap="2.03"
                      count="6"/>
                <line num="24" type="stmt" count="6"/>
                <line num="25" type="stmt" count="6"/>
                <line num="27" type="stmt" count="0"/>
                <line num="29" type="stmt" count="6"/>
                <line num="30" type="stmt" count="6"/>
                <line num="37" type="method" name="setCacheDriver" visibility="public" complexity="1" crap="1"
                      count="1"/>
                <line num="39" type="stmt" count="1"/>
                <line num="41" type="stmt" count="1"/>
                <line num="47" type="method" name="getPath" visibility="public" complexity="1" crap="1" count="2"/>
                <line num="49" type="stmt" count="2"/>
                <line num="55" type="method" name="getBaseNamespace" visibility="public" complexity="1" crap="1"
                      count="1"/>
                <line num="57" type="stmt" count="1"/>
                <line num="60" type="method" name="loadMetadataFor" visibility="public" complexity="3" crap="3"
                      count="4"/>
                <line num="62" type="stmt" count="4"/>
                <line num="63" type="stmt" count="3"/>
                <line num="64" type="stmt" count="3"/>
                <line num="65" type="stmt" count="3"/>
                <line num="67" type="stmt" count="1"/>
                <line num="69" type="stmt" count="1"/>
                <line num="72" type="method" name="loadMetadata" visibility="public" complexity="2" crap="2" count="2"/>
                <line num="74" type="stmt" count="2"/>
                <line num="75" type="stmt" count="1"/>
                <line num="77" type="stmt" count="1"/>
                <line num="80" type="method" name="getMatadataObj" visibility="protected" complexity="3" crap="3"
                      count="4"/>
                <line num="82" type="stmt" count="4"/>
                <line num="83" type="stmt" count="1"/>
                <line num="84" type="stmt" count="1"/>
                <line num="85" type="stmt" count="1"/>
                <line num="86" type="stmt" count="1"/>
                <line num="87" type="stmt" count="1"/>
                <line num="88" type="stmt" count="1"/>
                <line num="91" type="stmt" count="1"/>
                <line num="94" type="stmt" count="3"/>
                <line num="97" type="method" name="getCacheKey" visibility="protected" complexity="1" crap="1"
                      count="1"/>
                <line num="99" type="stmt" count="1"/>
                <line num="102" type="method" name="getFilePath" visibility="public" complexity="1" crap="1" count="3"/>
                <line num="104" type="stmt" count="3"/>
                <line num="105" type="stmt" count="3"/>
                <line num="106" type="stmt" count="3"/>
                <line num="109" type="method" name="isReadableDir" visibility="protected" complexity="2" crap="2"
                      count="4"/>
                <line num="111" type="stmt" count="4"/>
                <line num="114" type="method" name="isReadableFile" visibility="protected" complexity="2" crap="2"
                      count="5"/>
                <line num="116" type="stmt" count="5"/>
                <metrics loc="117" ncloc="98" classes="1" methods="11" coveredmethods="10" conditionals="0"
                         coveredconditionals="0" statements="33" coveredstatements="32" elements="44"
                         coveredelements="42"/>
            </file>
            <file name="/home/george/www/property-bag/src/PropertiesTransformer.php">
                <class name="PropertiesTransformer" namespace="NewInventor\DataStructure">
                    <metrics complexity="17" methods="8" coveredmethods="8" conditionals="0" coveredconditionals="0"
                             statements="29" coveredstatements="29" elements="37" coveredelements="37"/>
                </class>
                <line num="31" type="method" name="__construct" visibility="public" complexity="1" crap="1" count="9"/>
                <line num="33" type="stmt" count="9"/>
                <line num="34" type="stmt" count="9"/>
                <line num="36" type="method" name="setTransformer" visibility="public" complexity="1" crap="1"
                      count="6"/>
                <line num="38" type="stmt" count="6"/>
                <line num="40" type="stmt" count="6"/>
                <line num="43" type="method" name="setTransformers" visibility="public" complexity="2" crap="2"
                      count="1"/>
                <line num="45" type="stmt" count="1"/>
                <line num="46" type="stmt" count="1"/>
                <line num="49" type="stmt" count="1"/>
                <line num="52" type="method" name="getTransformer" visibility="public" complexity="2" crap="2"
                      count="3"/>
                <line num="54" type="stmt" count="3"/>
                <line num="60" type="method" name="getErrors" visibility="public" complexity="1" crap="1" count="1"/>
                <line num="62" type="stmt" count="1"/>
                <line num="68" type="method" name="isFailOnFirstError" visibility="public" complexity="1" crap="1"
                      count="1"/>
                <line num="70" type="stmt" count="1"/>
                <line num="78" type="method" name="setFailOnFirstError" visibility="public" complexity="1" crap="1"
                      count="2"/>
                <line num="80" type="stmt" count="2"/>
                <line num="82" type="stmt" count="2"/>
                <line num="92" type="method" name="transform" visibility="public" complexity="8" crap="8" count="5"/>
                <line num="94" type="stmt" count="5"/>
                <line num="95" type="stmt" count="5"/>
                <line num="98" type="stmt" count="5"/>
                <line num="99" type="stmt" count="5"/>
                <line num="101" type="stmt" count="5"/>
                <line num="103" type="stmt" count="2"/>
                <line num="105" type="stmt" count="3"/>
                <line num="106" type="stmt" count="2"/>
                <line num="107" type="stmt" count="1"/>
                <line num="109" type="stmt" count="1"/>
                <line num="110" type="stmt" count="1"/>
                <line num="111" type="stmt" count="2"/>
                <line num="112" type="stmt" count="2"/>
                <line num="113" type="stmt" count="1"/>
                <line num="115" type="stmt" count="1"/>
                <line num="116" type="stmt" count="3"/>
                <line num="120" type="stmt" count="3"/>
                <metrics loc="121" ncloc="90" classes="1" methods="8" coveredmethods="8" conditionals="0"
                         coveredconditionals="0" statements="29" coveredstatements="29" elements="37"
                         coveredelements="37"/>
            </file>
            <file name="/home/george/www/property-bag/src/PropertyBag.php">
                <class name="PropertyBag" namespace="NewInventor\DataStructure">
                    <metrics complexity="16" methods="11" coveredmethods="7" conditionals="0" coveredconditionals="0"
                             statements="26" coveredstatements="20" elements="37" coveredelements="27"/>
                </class>
                <line num="18" type="method" name="__construct" visibility="public" complexity="1" crap="1" count="5"/>
                <line num="20" type="stmt" count="5"/>
                <line num="21" type="stmt" count="5"/>
                <line num="23" type="method" name="initProperties" visibility="protected" complexity="1" crap="2"
                      count="0"/>
                <line num="26" type="stmt" count="0"/>
                <line num="34" type="method" name="add" visibility="public" complexity="1" crap="2" count="0"/>
                <line num="36" type="stmt" count="0"/>
                <line num="38" type="stmt" count="0"/>
                <line num="46" type="method" name="remove" visibility="public" complexity="1" crap="2" count="0"/>
                <line num="48" type="stmt" count="0"/>
                <line num="50" type="stmt" count="0"/>
                <line num="58" type="method" name="has" visibility="public" complexity="1" crap="1" count="4"/>
                <line num="60" type="stmt" count="4"/>
                <line num="71" type="method" name="set" visibility="public" complexity="1" crap="1" count="4"/>
                <line num="73" type="stmt" count="4"/>
                <line num="74" type="stmt" count="4"/>
                <line num="76" type="stmt" count="4"/>
                <line num="85" type="method" name="get" visibility="public" complexity="1" crap="1" count="2"/>
                <line num="87" type="stmt" count="2"/>
                <line num="89" type="stmt" count="2"/>
                <line num="95" type="method" name="toArray" visibility="public" complexity="1" crap="1" count="2"/>
                <line num="97" type="stmt" count="2"/>
                <line num="105" type="method" name="failIfNotExist" visibility="protected" complexity="2" crap="2"
                      count="4"/>
                <line num="107" type="stmt" count="4"/>
                <line num="108" type="stmt" count="3"/>
                <line num="110" type="stmt" count="4"/>
                <line num="121" type="method" name="make" visibility="public" complexity="1" crap="1" count="5"/>
                <line num="124" type="stmt" count="5"/>
                <line num="127" type="method" name="load" visibility="public" complexity="5" crap="5.05" count="1"/>
                <line num="129" type="stmt" count="1"/>
                <line num="131" type="stmt" count="1"/>
                <line num="132" type="stmt" count="1"/>
                <line num="133" type="stmt" count="1"/>
                <line num="134" type="stmt" count="1"/>
                <line num="136" type="stmt" count="0"/>
                <line num="137" type="stmt" count="1"/>
                <line num="142" type="stmt" count="1"/>
                <metrics loc="143" ncloc="89" classes="1" methods="11" coveredmethods="7" conditionals="0"
                         coveredconditionals="0" statements="26" coveredstatements="20" elements="37"
                         coveredelements="27"/>
            </file>
            <file name="/home/george/www/property-bag/src/ValidatorLoader.php">
                <class name="ValidatorLoader" namespace="NewInventor\DataStructure">
                    <metrics complexity="3" methods="2" coveredmethods="1" conditionals="0" coveredconditionals="0"
                             statements="12" coveredstatements="4" elements="14" coveredelements="5"/>
                </class>
                <line num="24" type="method" name="__construct" visibility="public" complexity="1" crap="1" count="5"/>
                <line num="26" type="stmt" count="5"/>
                <line num="27" type="stmt" count="5"/>
                <line num="36" type="method" name="loadClassMetadata" visibility="public" complexity="2" crap="4.05"
                      count="1"/>
                <line num="38" type="stmt" count="1"/>
                <line num="39" type="stmt" count="1"/>
                <line num="41" type="stmt" count="0"/>
                <line num="42" type="stmt" count="0"/>
                <line num="43" type="stmt" count="0"/>
                <line num="44" type="stmt" count="0"/>
                <line num="45" type="stmt" count="0"/>
                <line num="46" type="stmt" count="0"/>
                <line num="47" type="stmt" count="0"/>
                <line num="49" type="stmt" count="0"/>
                <metrics loc="50" ncloc="32" classes="1" methods="2" coveredmethods="1" conditionals="0"
                         coveredconditionals="0" statements="12" coveredstatements="4" elements="14"
                         coveredelements="5"/>
            </file>
        </package>
        <package name="NewInventor\DataStructure\Exception">
            <file name="/home/george/www/property-bag/src/Exception/PropertyException.php">
                <class name="PropertyException" namespace="NewInventor\DataStructure\Exception">
                    <metrics complexity="3" methods="3" coveredmethods="1" conditionals="0" coveredconditionals="0"
                             statements="6" coveredstatements="4" elements="9" coveredelements="5"/>
                </class>
                <line num="25" type="method" name="__construct" visibility="public" complexity="1" crap="1" count="5"/>
                <line num="27" type="stmt" count="5"/>
                <line num="28" type="stmt" count="5"/>
                <line num="29" type="stmt" count="5"/>
                <line num="30" type="stmt" count="5"/>
                <line num="35" type="method" name="getSymbolCode" visibility="public" complexity="1" crap="2"
                      count="0"/>
                <line num="37" type="stmt" count="0"/>
                <line num="40" type="method" name="getPropertyName" visibility="public" complexity="1" crap="2"
                      count="0"/>
                <line num="42" type="stmt" count="0"/>
                <metrics loc="43" ncloc="26" classes="1" methods="3" coveredmethods="1" conditionals="0"
                         coveredconditionals="0" statements="6" coveredstatements="4" elements="9" coveredelements="5"/>
            </file>
            <file name="/home/george/www/property-bag/src/Exception/PropertyInvalidTypeException.php">
                <class name="PropertyInvalidTypeException" namespace="NewInventor\DataStructure\Exception">
                    <metrics complexity="1" methods="1" coveredmethods="1" conditionals="0" coveredconditionals="0"
                             statements="2" coveredstatements="2" elements="3" coveredelements="3"/>
                </class>
                <line num="21" type="method" name="__construct" visibility="public" complexity="1" crap="1" count="1"/>
                <line num="23" type="stmt" count="1"/>
                <line num="24" type="stmt" count="1"/>
                <metrics loc="24" ncloc="13" classes="1" methods="1" coveredmethods="1" conditionals="0"
                         coveredconditionals="0" statements="2" coveredstatements="2" elements="3" coveredelements="3"/>
            </file>
            <file name="/home/george/www/property-bag/src/Exception/PropertyNotFoundException.php">
                <class name="PropertyNotFoundException" namespace="NewInventor\DataStructure\Exception">
                    <metrics complexity="1" methods="1" coveredmethods="1" conditionals="0" coveredconditionals="0"
                             statements="2" coveredstatements="2" elements="3" coveredelements="3"/>
                </class>
                <line num="21" type="method" name="__construct" visibility="public" complexity="1" crap="1" count="3"/>
                <line num="23" type="stmt" count="3"/>
                <line num="24" type="stmt" count="3"/>
                <metrics loc="24" ncloc="12" classes="1" methods="1" coveredmethods="1" conditionals="0"
                         coveredconditionals="0" statements="2" coveredstatements="2" elements="3" coveredelements="3"/>
      </file>
            <file name="/home/george/www/property-bag/src/Exception/PropertyTransformationException.php">
                <class name="PropertyTransformationException" namespace="NewInventor\DataStructure\Exception">
          <metrics complexity="1" methods="1" coveredmethods="1" conditionals="0" coveredconditionals="0" statements="2" coveredstatements="2" elements="3" coveredelements="3"/>
        </class>
                <line num="21" type="method" name="__construct" visibility="public" complexity="1" crap="1" count="1"/>
                <line num="23" type="stmt" count="1"/>
                <line num="24" type="stmt" count="1"/>
                <metrics loc="24" ncloc="13" classes="1" methods="1" coveredmethods="1" conditionals="0"
                         coveredconditionals="0" statements="2" coveredstatements="2" elements="3" coveredelements="3"/>
      </file>
            <file name="/home/george/www/property-bag/src/Exception/TransformationException.php">
                <class name="TransformationException" namespace="NewInventor\DataStructure\Exception">
                    <metrics complexity="1" methods="1" coveredmethods="1" conditionals="0" coveredconditionals="0"
                             statements="5" coveredstatements="5" elements="6" coveredelements="6"/>
                </class>
                <line num="19" type="method" name="__construct" visibility="public" complexity="1" crap="1" count="2"/>
                <line num="21" type="stmt" count="2"/>
                <line num="22" type="stmt" count="2"/>
                <line num="23" type="stmt" count="2"/>
                <line num="24" type="stmt" count="2"/>
                <line num="26" type="stmt" count="2"/>
                <metrics loc="26" ncloc="15" classes="1" methods="1" coveredmethods="1" conditionals="0"
                         coveredconditionals="0" statements="5" coveredstatements="5" elements="6" coveredelements="6"/>
            </file>
        </package>
        <file name="/home/george/www/property-bag/src/Loadable.php">
            <metrics loc="28" ncloc="9" classes="0" methods="0" coveredmethods="0" conditionals="0"
                     coveredconditionals="0" statements="0" coveredstatements="0" elements="0" coveredelements="0"/>
        </file>
        <file name="/home/george/www/property-bag/src/PropertyBagInterface.php">
            <metrics loc="58" ncloc="20" classes="0" methods="0" coveredmethods="0" conditionals="0"
                     coveredconditionals="0" statements="0" coveredstatements="0" elements="0" coveredelements="0"/>
        </file>
        <file name="/home/george/www/property-bag/src/StructureTransformerInterface.php">
            <metrics loc="47" ncloc="24" classes="0" methods="0" coveredmethods="0" conditionals="0"
                     coveredconditionals="0" statements="0" coveredstatements="0" elements="0" coveredelements="0"/>
        </file>
        <package name="NewInventor\DataStructure\Transformer">
            <file name="/home/george/www/property-bag/src/Transformer/ArrayToCsvString.php">
                <class name="ArrayToCsvString" namespace="NewInventor\DataStructure\Transformer">
                    <metrics complexity="15" methods="5" coveredmethods="1" conditionals="0" coveredconditionals="0"
                             statements="25" coveredstatements="5" elements="30" coveredelements="6"/>
                </class>
                <line num="32" type="method" name="__construct" visibility="public" complexity="1" crap="1" count="4"/>
                <line num="38" type="stmt" count="4"/>
                <line num="39" type="stmt" count="4"/>
                <line num="40" type="stmt" count="4"/>
                <line num="41" type="stmt" count="4"/>
                <line num="42" type="stmt" count="4"/>
                <line num="44" type="method" name="transformInputValue" visibility="protected" complexity="2" crap="6"
                      count="0"/>
                <line num="46" type="stmt" count="0"/>
                <line num="49" type="method" name="itemToCsvFormat" visibility="protected" complexity="8" crap="72"
                      count="0"/>
                <line num="52" type="stmt" count="0"/>
                <line num="54" type="stmt" count="0"/>
                <line num="56" type="stmt" count="0"/>
                <line num="57" type="stmt" count="0"/>
                <line num="58" type="stmt" count="0"/>
                <line num="62" type="stmt" count="0"/>
                <line num="63" type="stmt" count="0"/>
                <line num="64" type="stmt" count="0"/>
                <line num="66" type="stmt" count="0"/>
                <line num="67" type="stmt" count="0"/>
                <line num="70" type="stmt" count="0"/>
                <line num="73" type="method" name="validateInputTypes" visibility="protected" complexity="2" crap="6"
                      count="0"/>
                <line num="75" type="stmt" count="0"/>
                <line num="76" type="stmt" count="0"/>
                <line num="77" type="stmt" count="0"/>
                <line num="78" type="stmt" count="0"/>
                <line num="79" type="stmt" count="0"/>
                <line num="80" type="stmt" count="0"/>
                <line num="81" type="method" name="anonymousFunction:81#390" complexity="2" crap="6" count="0"/>
                <line num="82" type="stmt" count="0"/>
                <line num="83" type="stmt" count="0"/>
                <metrics loc="86" ncloc="69" classes="1" methods="5" coveredmethods="1" conditionals="0"
                         coveredconditionals="0" statements="25" coveredstatements="5" elements="30"
                         coveredelements="6"/>
            </file>
            <file name="/home/george/www/property-bag/src/Transformer/ArrayToLoadable.php">
                <class name="ArrayToLoadable" namespace="NewInventor\DataStructure\Transformer">
                    <metrics complexity="5" methods="3" coveredmethods="0" conditionals="0" coveredconditionals="0"
                             statements="19" coveredstatements="0" elements="22" coveredelements="0"/>
                </class>
                <line num="32" type="method" name="__construct" visibility="public" complexity="3" crap="12" count="0"/>
                <line num="33" type="stmt" count="0"/>
                <line num="34" type="stmt" count="0"/>
                <line num="35" type="stmt" count="0"/>
                <line num="36" type="stmt" count="0"/>
                <line num="37" type="stmt" count="0"/>
                <line num="38" type="stmt" count="0"/>
                <line num="39" type="stmt" count="0"/>
                <line num="40" type="stmt" count="0"/>
                <line num="41" type="stmt" count="0"/>
                <line num="42" type="stmt" count="0"/>
                <line num="44" type="method" name="validateInputTypes" visibility="protected" complexity="1" crap="2"
                      count="0"/>
                <line num="45" type="stmt" count="0"/>
                <line num="46" type="stmt" count="0"/>
                <line num="47" type="stmt" count="0"/>
                <line num="49" type="method" name="transformInputValue" visibility="protected" complexity="1" crap="2"
                      count="0"/>
                <line num="50" type="stmt" count="0"/>
                <line num="52" type="stmt" count="0"/>
                <line num="53" type="stmt" count="0"/>
                <line num="54" type="stmt" count="0"/>
                <line num="56" type="stmt" count="0"/>
                <line num="57" type="stmt" count="0"/>
                <metrics loc="57" ncloc="38" classes="1" methods="3" coveredmethods="0" conditionals="0"
                         coveredconditionals="0" statements="19" coveredstatements="0" elements="22"
                         coveredelements="0"/>
            </file>
            <file name="/home/george/www/property-bag/src/Transformer/AsEmpty.php">
                <class name="AsEmpty" namespace="NewInventor\DataStructure\Transformer">
                    <metrics complexity="2" methods="1" coveredmethods="0" conditionals="0" coveredconditionals="0"
                             statements="6" coveredstatements="0" elements="7" coveredelements="0"/>
                </class>
                <line num="13" type="method" name="transformInputValue" visibility="protected" complexity="2" crap="6"
                      count="0"/>
                <line num="14" type="stmt" count="0"/>
                <line num="15" type="stmt" count="0"/>
                <line num="16" type="stmt" count="0"/>
                <line num="17" type="stmt" count="0"/>
                <line num="19" type="stmt" count="0"/>
                <line num="20" type="stmt" count="0"/>
                <metrics loc="20" ncloc="15" classes="1" methods="1" coveredmethods="0" conditionals="0"
                         coveredconditionals="0" statements="6" coveredstatements="0" elements="7" coveredelements="0"/>
            </file>
            <file name="/home/george/www/property-bag/src/Transformer/BoolToMixed.php">
                <class name="BoolToMixed" namespace="NewInventor\DataStructure\Transformer">
                    <metrics complexity="4" methods="3" coveredmethods="1" conditionals="0" coveredconditionals="0"
                             statements="8" coveredstatements="5" elements="11" coveredelements="6"/>
                </class>
                <line num="28" type="method" name="__construct" visibility="public" complexity="1" crap="1" count="4"/>
                <line num="30" type="stmt" count="4"/>
                <line num="31" type="stmt" count="4"/>
                <line num="32" type="stmt" count="4"/>
                <line num="33" type="stmt" count="4"/>
                <line num="34" type="stmt" count="4"/>
                <line num="36" type="method" name="transformInputValue" visibility="public" complexity="2" crap="6"
                      count="0"/>
                <line num="38" type="stmt" count="0"/>
                <line num="41" type="method" name="validateInputTypes" visibility="public" complexity="1" crap="2"
                      count="0"/>
                <line num="43" type="stmt" count="0"/>
        <line num="44" type="stmt" count="0"/>
                <metrics loc="44" ncloc="29" classes="1" methods="3" coveredmethods="1" conditionals="0"
                         coveredconditionals="0" statements="8" coveredstatements="5" elements="11"
                         coveredelements="6"/>
      </file>
            <file name="/home/george/www/property-bag/src/Transformer/ChainTransformer.php">
                <class name="ChainTransformer" namespace="NewInventor\DataStructure\Transformer">
                    <metrics complexity="4" methods="2" coveredmethods="2" conditionals="0" coveredconditionals="0"
                             statements="6" coveredstatements="6" elements="8" coveredelements="8"/>
        </class>
                <line num="21" type="method" name="__construct" visibility="public" complexity="1" crap="1" count="5"/>
                <line num="23" type="stmt" count="5"/>
                <line num="24" type="stmt" count="5"/>
                <line num="26" type="method" name="transformInputValue" visibility="protected" complexity="3" crap="3"
                      count="2"/>
                <line num="28" type="stmt" count="2"/>
                <line num="29" type="stmt" count="2"/>
        <line num="30" type="stmt" count="2"/>
                <line num="34" type="stmt" count="2"/>
                <metrics loc="35" ncloc="24" classes="1" methods="2" coveredmethods="2" conditionals="0"
                         coveredconditionals="0" statements="6" coveredstatements="6" elements="8" coveredelements="8"/>
            </file>
            <file name="/home/george/www/property-bag/src/Transformer/CsvStringToArray.php">
                <class name="CsvStringToArray" namespace="NewInventor\DataStructure\Transformer">
                    <metrics complexity="3" methods="3" coveredmethods="3" conditionals="0" coveredconditionals="0"
                             statements="7" coveredstatements="7" elements="10" coveredelements="10"/>
                </class>
                <line num="29" type="method" name="__construct" visibility="public" complexity="1" crap="1" count="5"/>
                <line num="31" type="stmt" count="5"/>
                <line num="32" type="stmt" count="5"/>
                <line num="33" type="stmt" count="5"/>
                <line num="34" type="stmt" count="5"/>
                <line num="41" type="method" name="validateInputTypes" visibility="protected" complexity="1" crap="1"
                      count="2"/>
                <line num="43" type="stmt" count="2"/>
                <line num="44" type="stmt" count="2"/>
                <line num="46" type="method" name="transformInputValue" visibility="protected" complexity="1" crap="1"
                      count="2"/>
                <line num="48" type="stmt" count="2"/>
                <metrics loc="49" ncloc="29" classes="1" methods="3" coveredmethods="3" conditionals="0"
                         coveredconditionals="0" statements="7" coveredstatements="7" elements="10"
                         coveredelements="10"/>
            </file>
            <file name="/home/george/www/property-bag/src/Transformer/DateTimeToString.php">
                <class name="DateTimeToString" namespace="NewInventor\DataStructure\Transformer">
                    <metrics complexity="4" methods="3" coveredmethods="0" conditionals="0" coveredconditionals="0"
                             statements="9" coveredstatements="0" elements="12" coveredelements="0"/>
                </class>
                <line num="25" type="method" name="__construct" visibility="public" complexity="1" crap="2" count="0"/>
                <line num="26" type="stmt" count="0"/>
                <line num="27" type="stmt" count="0"/>
                <line num="28" type="stmt" count="0"/>
                <line num="35" type="method" name="transformInputValue" visibility="public" complexity="2" crap="6"
                      count="0"/>
                <line num="36" type="stmt" count="0"/>
                <line num="37" type="stmt" count="0"/>
                <line num="38" type="stmt" count="0"/>
                <line num="40" type="method" name="validateInputTypes" visibility="protected" complexity="1" crap="2"
                      count="0"/>
                <line num="41" type="stmt" count="0"/>
                <line num="42" type="stmt" count="0"/>
                <line num="43" type="stmt" count="0"/>
                <metrics loc="43" ncloc="25" classes="1" methods="3" coveredmethods="0" conditionals="0"
                         coveredconditionals="0" statements="9" coveredstatements="0" elements="12"
                         coveredelements="0"/>
            </file>
            <file name="/home/george/www/property-bag/src/Transformer/InnerTransformer.php">
                <class name="InnerTransformer" namespace="NewInventor\DataStructure\Transformer">
                    <metrics complexity="7" methods="3" coveredmethods="3" conditionals="0" coveredconditionals="0"
                             statements="13" coveredstatements="13" elements="16" coveredelements="16"/>
                </class>
                <line num="23" type="method" name="__construct" visibility="public" complexity="1" crap="1" count="5"/>
                <line num="25" type="stmt" count="5"/>
                <line num="26" type="stmt" count="5"/>
                <line num="28" type="method" name="transformInputValue" visibility="protected" complexity="5" crap="5"
                      count="2"/>
                <line num="30" type="stmt" count="2"/>
                <line num="31" type="stmt" count="2"/>
                <line num="32" type="stmt" count="2"/>
                <line num="33" type="stmt" count="2"/>
                <line num="34" type="stmt" count="2"/>
                <line num="35" type="stmt" count="2"/>
                <line num="37" type="stmt" count="2"/>
                <line num="38" type="stmt" count="2"/>
                <line num="43" type="stmt" count="2"/>
                <line num="46" type="method" name="validateInputTypes" visibility="protected" complexity="1" crap="1"
                      count="2"/>
                <line num="48" type="stmt" count="2"/>
                <line num="49" type="stmt" count="2"/>
                <metrics loc="49" ncloc="38" classes="1" methods="3" coveredmethods="3" conditionals="0"
                         coveredconditionals="0" statements="13" coveredstatements="13" elements="16"
                         coveredelements="16"/>
      </file>
            <file name="/home/george/www/property-bag/src/Transformer/StringToCamelCase.php">
                <class name="StringToCamelCase" namespace="NewInventor\DataStructure\Transformer">
                    <metrics complexity="3" methods="3" coveredmethods="0" conditionals="0" coveredconditionals="0"
                             statements="8" coveredstatements="0" elements="11" coveredelements="0"/>
        </class>
                <line num="15" type="method" name="transformInputValue" visibility="protected" complexity="1" crap="2"
                      count="0"/>
                <line num="16" type="stmt" count="0"/>
                <line num="17" type="stmt" count="0"/>
                <line num="18" type="stmt" count="0"/>
                <line num="19" type="method" name="anonymousFunction:19#52" complexity="1" crap="2" count="0"/>
                <line num="20" type="stmt" count="0"/>
                <line num="21" type="stmt" count="0"/>
                <line num="22" type="stmt" count="0"/>
                <line num="23" type="stmt" count="0"/>
                <line num="25" type="stmt" count="0"/>
                <line num="26" type="stmt" count="0"/>
                <line num="28" type="method" name="validateInputTypes" visibility="protected" complexity="1" crap="2"
                      count="0"/>
                <line num="29" type="stmt" count="0"/>
                <line num="30" type="stmt" count="0"/>
                <line num="31" type="stmt" count="0"/>
                <metrics loc="31" ncloc="26" classes="1" methods="3" coveredmethods="0" conditionals="0"
                         coveredconditionals="0" statements="12" coveredstatements="0" elements="15"
                         coveredelements="0"/>
      </file>
            <file name="/home/george/www/property-bag/src/Transformer/StringToDateTime.php">
                <class name="StringToDateTime" namespace="NewInventor\DataStructure\Transformer">
                    <metrics complexity="4" methods="3" coveredmethods="2" conditionals="0" coveredconditionals="0"
                             statements="8" coveredstatements="7" elements="11" coveredelements="9"/>
        </class>
                <line num="23" type="method" name="__construct" visibility="public" complexity="1" crap="1" count="6"/>
                <line num="25" type="stmt" count="6"/>
                <line num="26" type="stmt" count="6"/>
                <line num="28" type="method" name="validateInputTypes" visibility="protected" complexity="1" crap="1"
                      count="2"/>
                <line num="30" type="stmt" count="2"/>
                <line num="31" type="stmt" count="2"/>
                <line num="33" type="method" name="transformInputValue" visibility="protected" complexity="2"
                      crap="2.06" count="2"/>
                <line num="35" type="stmt" count="2"/>
                <line num="36" type="stmt" count="2"/>
                <line num="37" type="stmt" count="0"/>
                <line num="39" type="stmt" count="2"/>
                <metrics loc="40" ncloc="29" classes="1" methods="3" coveredmethods="2" conditionals="0"
                         coveredconditionals="0" statements="8" coveredstatements="7" elements="11"
                         coveredelements="9"/>
      </file>
            <file name="/home/george/www/property-bag/src/Transformer/StringToLowerCase.php">
                <class name="StringToLowerCase" namespace="NewInventor\DataStructure\Transformer">
                    <metrics complexity="2" methods="2" coveredmethods="0" conditionals="0" coveredconditionals="0"
                             statements="6" coveredstatements="0" elements="8" coveredelements="0"/>
        </class>
                <line num="15" type="method" name="transformInputValue" visibility="protected" complexity="1" crap="2"
                      count="0"/>
                <line num="16" type="stmt" count="0"/>
                <line num="17" type="stmt" count="0"/>
                <line num="18" type="stmt" count="0"/>
                <line num="20" type="method" name="validateInputTypes" visibility="protected" complexity="1" crap="2"
                      count="0"/>
                <line num="21" type="stmt" count="0"/>
                <line num="22" type="stmt" count="0"/>
                <line num="23" type="stmt" count="0"/>
                <metrics loc="23" ncloc="18" classes="1" methods="2" coveredmethods="0" conditionals="0"
                         coveredconditionals="0" statements="6" coveredstatements="0" elements="8" coveredelements="0"/>
      </file>
            <file name="/home/george/www/property-bag/src/Transformer/StringToPhone.php">
                <class name="StringToPhone" namespace="NewInventor\DataStructure\Transformer">
                    <metrics complexity="1" methods="1" coveredmethods="0" conditionals="0" coveredconditionals="0"
                             statements="4" coveredstatements="0" elements="5" coveredelements="0"/>
        </class>
                <line num="13" type="method" name="transformInputValue" visibility="protected" complexity="1" crap="2"
                      count="0"/>
                <line num="14" type="stmt" count="0"/>
                <line num="15" type="stmt" count="0"/>
                <line num="17" type="stmt" count="0"/>
                <line num="18" type="stmt" count="0"/>
                <metrics loc="18" ncloc="13" classes="1" methods="1" coveredmethods="0" conditionals="0"
                         coveredconditionals="0" statements="4" coveredstatements="0" elements="5" coveredelements="0"/>
      </file>
            <file name="/home/george/www/property-bag/src/Transformer/StringToScreamingCase.php">
                <class name="StringToScreamingCase" namespace="NewInventor\DataStructure\Transformer">
                    <metrics complexity="3" methods="3" coveredmethods="0" conditionals="0" coveredconditionals="0"
                             statements="7" coveredstatements="0" elements="10" coveredelements="0"/>
        </class>
                <line num="15" type="method" name="transformInputValue" visibility="protected" complexity="1" crap="2"
                      count="0"/>
                <line num="16" type="stmt" count="0"/>
                <line num="17" type="stmt" count="0"/>
                <line num="18" type="method" name="anonymousFunction:18#77" complexity="1" crap="2" count="0"/>
                <line num="19" type="stmt" count="0"/>
                <line num="20" type="stmt" count="0"/>
                <line num="21" type="stmt" count="0"/>
                <line num="22" type="stmt" count="0"/>
                <line num="23" type="stmt" count="0"/>
                <line num="25" type="method" name="validateInputTypes" visibility="protected" complexity="1" crap="2"
                      count="0"/>
                <line num="26" type="stmt" count="0"/>
                <line num="27" type="stmt" count="0"/>
                <line num="28" type="stmt" count="0"/>
                <metrics loc="28" ncloc="23" classes="1" methods="3" coveredmethods="0" conditionals="0"
                         coveredconditionals="0" statements="10" coveredstatements="0" elements="13"
                         coveredelements="0"/>
      </file>
            <file name="/home/george/www/property-bag/src/Transformer/StringToUpperCase.php">
                <class name="StringToUpperCase" namespace="NewInventor\DataStructure\Transformer">
                    <metrics complexity="2" methods="2" coveredmethods="0" conditionals="0" coveredconditionals="0"
                             statements="6" coveredstatements="0" elements="8" coveredelements="0"/>
        </class>
                <line num="15" type="method" name="transformInputValue" visibility="protected" complexity="1" crap="2"
                      count="0"/>
                <line num="16" type="stmt" count="0"/>
                <line num="17" type="stmt" count="0"/>
                <line num="18" type="stmt" count="0"/>
                <line num="20" type="method" name="validateInputTypes" visibility="protected" complexity="1" crap="2"
                      count="0"/>
                <line num="21" type="stmt" count="0"/>
                <line num="22" type="stmt" count="0"/>
                <line num="23" type="stmt" count="0"/>
                <metrics loc="23" ncloc="18" classes="1" methods="2" coveredmethods="0" conditionals="0"
                         coveredconditionals="0" statements="6" coveredstatements="0" elements="8" coveredelements="0"/>
      </file>
            <file name="/home/george/www/property-bag/src/Transformer/ToArray.php">
                <class name="ToArray" namespace="NewInventor\DataStructure\Transformer">
                    <metrics complexity="6" methods="1" coveredmethods="0" conditionals="0" coveredconditionals="0"
                             statements="7" coveredstatements="0" elements="8" coveredelements="0"/>
        </class>
                <line num="15" type="method" name="transformInputValue" visibility="protected" complexity="6" crap="42"
                      count="0"/>
                <line num="17" type="stmt" count="0"/>
                <line num="19" type="stmt" count="0"/>
                <line num="21" type="stmt" count="0"/>
                <line num="22" type="stmt" count="0"/>
                <line num="24" type="stmt" count="0"/>
                <line num="25" type="stmt" count="0"/>
                <line num="28" type="stmt" count="0"/>
                <metrics loc="29" ncloc="23" classes="1" methods="1" coveredmethods="0" conditionals="0"
                         coveredconditionals="0" statements="7" coveredstatements="0" elements="8" coveredelements="0"/>
            </file>
            <file name="/home/george/www/property-bag/src/Transformer/ToBool.php">
                <class name="ToBool" namespace="NewInventor\DataStructure\Transformer">
                    <metrics complexity="12" methods="4" coveredmethods="3" conditionals="0" coveredconditionals="0"
                             statements="10" coveredstatements="9" elements="14" coveredelements="12"/>
                </class>
                <line num="28" type="method" name="__construct" visibility="public" complexity="3" crap="3" count="6"/>
        <line num="30" type="stmt" count="6"/>
                <line num="31" type="method" name="anonymousFunction:31#97" complexity="2" crap="2" count="6"/>
        <line num="32" type="stmt" count="6"/>
        <line num="33" type="stmt" count="6"/>
        <line num="34" type="stmt" count="6"/>
        <line num="35" type="stmt" count="6"/>
                <line num="36" type="method" name="anonymousFunction:36#154" complexity="2" crap="2" count="6"/>
                <line num="37" type="stmt" count="3"/>
        <line num="38" type="stmt" count="6"/>
        <line num="39" type="stmt" count="6"/>
                <line num="40" type="stmt" count="5"/>
                <line num="41" type="stmt" count="5"/>
                <line num="42" type="stmt" count="5"/>
                <line num="44" type="method" name="transformInputValue" visibility="protected" complexity="5"
                      crap="5.20" count="2"/>
                <line num="46" type="stmt" count="2"/>
                <line num="47" type="stmt" count="2"/>
                <line num="49" type="stmt" count="1"/>
                <line num="50" type="stmt" count="0"/>
                <line num="53" type="stmt" count="1"/>
                <metrics loc="54" ncloc="39" classes="1" methods="4" coveredmethods="3" conditionals="0"
                         coveredconditionals="0" statements="16" coveredstatements="15" elements="20"
                         coveredelements="18"/>
      </file>
            <file name="/home/george/www/property-bag/src/Transformer/ToFloat.php">
                <class name="ToFloat" namespace="NewInventor\DataStructure\Transformer">
          <metrics complexity="2" methods="2" coveredmethods="2" conditionals="0" coveredconditionals="0" statements="3" coveredstatements="3" elements="5" coveredelements="5"/>
        </class>
                <line num="15" type="method" name="validateInputTypes" visibility="protected" complexity="1" crap="1"
                      count="2"/>
                <line num="17" type="stmt" count="2"/>
                <line num="18" type="stmt" count="2"/>
                <line num="20" type="method" name="transformInputValue" visibility="protected" complexity="1" crap="1"
                      count="2"/>
                <line num="22" type="stmt" count="2"/>
        <metrics loc="23" ncloc="18" classes="1" methods="2" coveredmethods="2" conditionals="0" coveredconditionals="0" statements="3" coveredstatements="3" elements="5" coveredelements="5"/>
      </file>
            <file name="/home/george/www/property-bag/src/Transformer/ToInt.php">
                <class name="ToInt" namespace="NewInventor\DataStructure\Transformer">
          <metrics complexity="2" methods="2" coveredmethods="2" conditionals="0" coveredconditionals="0" statements="3" coveredstatements="3" elements="5" coveredelements="5"/>
        </class>
                <line num="15" type="method" name="validateInputTypes" visibility="protected" complexity="1" crap="1"
                      count="4"/>
                <line num="17" type="stmt" count="4"/>
                <line num="18" type="stmt" count="2"/>
                <line num="20" type="method" name="transformInputValue" visibility="protected" complexity="1" crap="1"
                      count="2"/>
                <line num="22" type="stmt" count="2"/>
        <metrics loc="23" ncloc="18" classes="1" methods="2" coveredmethods="2" conditionals="0" coveredconditionals="0" statements="3" coveredstatements="3" elements="5" coveredelements="5"/>
      </file>
            <file name="/home/george/www/property-bag/src/Transformer/ToRange.php">
                <class name="ToRange" namespace="NewInventor\DataStructure\Transformer">
                    <metrics complexity="6" methods="2" coveredmethods="0" conditionals="0" coveredconditionals="0"
                             statements="13" coveredstatements="0" elements="15" coveredelements="0"/>
        </class>
                <line num="25" type="method" name="__construct" visibility="public" complexity="1" crap="2" count="0"/>
                <line num="26" type="stmt" count="0"/>
                <line num="27" type="stmt" count="0"/>
                <line num="28" type="stmt" count="0"/>
                <line num="29" type="stmt" count="0"/>
                <line num="31" type="method" name="transformInputValue" visibility="protected" complexity="5" crap="30"
                      count="0"/>
                <line num="32" type="stmt" count="0"/>
                <line num="33" type="stmt" count="0"/>
                <line num="34" type="stmt" count="0"/>
                <line num="35" type="stmt" count="0"/>
                <line num="36" type="stmt" count="0"/>
                <line num="37" type="stmt" count="0"/>
                <line num="38" type="stmt" count="0"/>
                <line num="40" type="stmt" count="0"/>
                <line num="41" type="stmt" count="0"/>
                <metrics loc="41" ncloc="27" classes="1" methods="2" coveredmethods="0" conditionals="0"
                         coveredconditionals="0" statements="13" coveredstatements="0" elements="15"
                         coveredelements="0"/>
      </file>
            <file name="/home/george/www/property-bag/src/Transformer/ToString.php">
                <class name="ToString" namespace="NewInventor\DataStructure\Transformer">
                    <metrics complexity="5" methods="3" coveredmethods="2" conditionals="0" coveredconditionals="0"
                             statements="4" coveredstatements="3" elements="7" coveredelements="5"/>
        </class>
                <line num="15" type="method" name="validateInputTypes" visibility="protected" complexity="2" crap="2"
                      count="1"/>
                <line num="17" type="stmt" count="1"/>
                <line num="18" type="method" name="anonymousFunction:18#60" complexity="2" crap="2.50" count="1"/>
                <line num="19" type="stmt" count="0"/>
                <line num="20" type="stmt" count="1"/>
                <line num="21" type="stmt" count="1"/>
                <line num="22" type="stmt" count="1"/>
                <line num="24" type="method" name="transformInputValue" visibility="protected" complexity="1" crap="1"
                      count="1"/>
                <line num="26" type="stmt" count="1"/>
                <metrics loc="27" ncloc="22" classes="1" methods="3" coveredmethods="2" conditionals="0"
                         coveredconditionals="0" statements="6" coveredstatements="5" elements="9" coveredelements="7"/>
      </file>
            <file name="/home/george/www/property-bag/src/Transformer/Transformer.php">
                <class name="Transformer" namespace="NewInventor\DataStructure\Transformer">
                    <metrics complexity="7" methods="4" coveredmethods="2" conditionals="0" coveredconditionals="0"
                             statements="11" coveredstatements="8" elements="15" coveredelements="10"/>
        </class>
                <line num="16" type="method" name="make" visibility="public" complexity="1" crap="1" count="4"/>
                <line num="19" type="stmt" count="4"/>
                <line num="30" type="method" name="transform" visibility="public" complexity="4" crap="4.25" count="5"/>
                <line num="32" type="stmt" count="5"/>
                <line num="33" type="stmt" count="0"/>
                <line num="35" type="stmt" count="5"/>
                <line num="37" type="stmt" count="4"/>
                <line num="38" type="stmt" count="2"/>
                <line num="39" type="stmt" count="0"/>
                <line num="40" type="stmt" count="2"/>
                <line num="41" type="stmt" count="2"/>
                <line num="50" type="method" name="validateInputTypes" visibility="protected" complexity="1" crap="1"
                      count="2"/>
                <line num="53" type="stmt" count="2"/>
                <line num="60" type="method" name="transformInputValue" visibility="protected" complexity="1" crap="2"
                      count="0"/>
                <line num="62" type="stmt" count="0"/>
                <metrics loc="63" ncloc="39" classes="1" methods="4" coveredmethods="2" conditionals="0"
                         coveredconditionals="0" statements="11" coveredstatements="8" elements="15"
                         coveredelements="10"/>
      </file>
            <file name="/home/george/www/property-bag/src/Transformer/Utf8StringToAsciiString.php">
                <class name="Utf8StringToAsciiString" namespace="NewInventor\DataStructure\Transformer">
                    <metrics complexity="13" methods="4" coveredmethods="0" conditionals="0" coveredconditionals="0"
                             statements="42" coveredstatements="0" elements="46" coveredelements="0"/>
        </class>
                <line num="15" type="method" name="validateInputTypes" visibility="protected" complexity="1" crap="2"
                      count="0"/>
                <line num="16" type="stmt" count="0"/>
                <line num="17" type="stmt" count="0"/>
                <line num="18" type="stmt" count="0"/>
                <line num="20" type="method" name="transformInputValue" visibility="protected" complexity="3" crap="12"
                      count="0"/>
                <line num="21" type="stmt" count="0"/>
                <line num="22" type="stmt" count="0"/>
                <line num="23" type="stmt" count="0"/>
                <line num="24" type="stmt" count="0"/>
                <line num="25" type="stmt" count="0"/>
                <line num="26" type="stmt" count="0"/>
                <line num="27" type="stmt" count="0"/>
                <line num="28" type="stmt" count="0"/>
                <line num="29" type="stmt" count="0"/>
                <line num="30" type="stmt" count="0"/>
                <line num="31" type="stmt" count="0"/>
                <line num="33" type="stmt" count="0"/>
                <line num="34" type="stmt" count="0"/>
                <line num="36" type="method" name="isAscii" visibility="protected" complexity="1" crap="2" count="0"/>
                <line num="37" type="stmt" count="0"/>
                <line num="38" type="stmt" count="0"/>
                <line num="39" type="stmt" count="0"/>
                <line num="41" type="method" name="ordutf8" visibility="protected" complexity="8" crap="72" count="0"/>
                <line num="42" type="stmt" count="0"/>
                <line num="43" type="stmt" count="0"/>
                <line num="44" type="stmt" count="0"/>
                <line num="45" type="stmt" count="0"/>
                <line num="46" type="stmt" count="0"/>
                <line num="47" type="stmt" count="0"/>
                <line num="48" type="stmt" count="0"/>
                <line num="49" type="stmt" count="0"/>
                <line num="50" type="stmt" count="0"/>
                <line num="51" type="stmt" count="0"/>
                <line num="52" type="stmt" count="0"/>
                <line num="53" type="stmt" count="0"/>
                <line num="54" type="stmt" count="0"/>
                <line num="55" type="stmt" count="0"/>
                <line num="56" type="stmt" count="0"/>
                <line num="57" type="stmt" count="0"/>
                <line num="58" type="stmt" count="0"/>
                <line num="59" type="stmt" count="0"/>
                <line num="60" type="stmt" count="0"/>
                <line num="61" type="stmt" count="0"/>
                <line num="62" type="stmt" count="0"/>
                <line num="64" type="stmt" count="0"/>
                <line num="65" type="stmt" count="0"/>
                <metrics loc="65" ncloc="50" classes="1" methods="4" coveredmethods="0" conditionals="0"
                         coveredconditionals="0" statements="42" coveredstatements="0" elements="46"
                         coveredelements="0"/>
      </file>
    </package>
        <file name="/home/george/www/property-bag/src/Transformer/TransformerContainerInterface.php">
            <metrics loc="12" ncloc="7" classes="0" methods="0" coveredmethods="0" conditionals="0"
                     coveredconditionals="0" statements="0" coveredstatements="0" elements="0" coveredelements="0"/>
    </file>
        <file name="/home/george/www/property-bag/src/Transformer/TransformerInterface.php">
            <metrics loc="20" ncloc="10" classes="0" methods="0" coveredmethods="0" conditionals="0"
                     coveredconditionals="0" statements="0" coveredstatements="0" elements="0" coveredelements="0"/>
    </file>
        <metrics files="41" loc="2575" ncloc="1930" classes="34" methods="168" coveredmethods="114" conditionals="0"
                 coveredconditionals="0" statements="761" coveredstatements="536" elements="929" coveredelements="650"/>
  </project>
</coverage>
